Log file open, 12/16/21 00:58:23
LogWindows: Failed to load 'aqProf.dll' (GetLastError=126)
LogWindows: File 'aqProf.dll' does not exist
LogWindows: Failed to load 'VtuneApi.dll' (GetLastError=126)
LogWindows: File 'VtuneApi.dll' does not exist
LogWindows: Failed to load 'VtuneApi32e.dll' (GetLastError=126)
LogWindows: File 'VtuneApi32e.dll' does not exist
LogConsoleResponse: Display: Failed to find resolution value strings in scalability ini. Falling back to default.
LogConsoleResponse: Display: Failed to find resolution value strings in scalability ini. Falling back to default.
LogInit: Display: Running engine for game: Dungeons
LogPlatformFile: Not using cached read wrapper
LogTaskGraph: Started task graph with 5 named threads and 35 total threads with 3 sets of task threads.
LogStats: Stats thread started at 0.223791
LogICUInternationalization: ICU TimeZone Detection - Raw Offset: +7:00, Platform Override: ''
LogInit: Display: Loading text-based GConfig....
LogPluginManager: Mounting plugin MegascansPlugin
LogPluginManager: Mounting plugin MeshPainting
LogPluginManager: Mounting plugin XGEController
LogPluginManager: Mounting plugin Paper2D
LogPluginManager: Mounting plugin AISupport
LogPluginManager: Mounting plugin EnvironmentQueryEditor
LogPluginManager: Mounting plugin LightPropagationVolume
LogPluginManager: Mounting plugin CameraShakePreviewer
LogPluginManager: Mounting plugin GameplayCameras
LogPluginManager: Mounting plugin AnimationSharing
LogPluginManager: Mounting plugin CodeLiteSourceCodeAccess
LogPluginManager: Mounting plugin CLionSourceCodeAccess
LogPluginManager: Mounting plugin KDevelopSourceCodeAccess
LogPluginManager: Mounting plugin NullSourceCodeAccess
LogPluginManager: Mounting plugin PerforceSourceControl
LogPluginManager: Mounting plugin GitSourceControl
LogPluginManager: Mounting plugin PlasticSourceControl
LogPluginManager: Mounting plugin PixWinPlugin
LogPluginManager: Mounting plugin PluginUtils
LogPluginManager: Mounting plugin PropertyAccessNode
LogPluginManager: Mounting plugin RiderSourceCodeAccess
LogPluginManager: Mounting plugin TextureFormatOodle
LogPluginManager: Mounting plugin UObjectPlugin
LogPluginManager: Mounting plugin XCodeSourceCodeAccess
LogPluginManager: Mounting plugin VisualStudioSourceCodeAccess
LogPluginManager: Mounting plugin VisualStudioCodeSourceCodeAccess
LogPluginManager: Mounting plugin OodleNetwork
LogPluginManager: Mounting plugin AssetManagerEditor
LogPluginManager: Mounting plugin SubversionSourceControl
LogPluginManager: Mounting plugin OodleData
LogPluginManager: Mounting plugin CryptoKeys
LogPluginManager: Mounting plugin CurveEditorTools
LogPluginManager: Mounting plugin EditorScriptingUtilities
LogPluginManager: Mounting plugin AlembicImporter
LogPluginManager: Mounting plugin FacialAnimation
LogPluginManager: Mounting plugin BackChannel
LogPluginManager: Mounting plugin AutomationUtils
LogPluginManager: Mounting plugin GameplayTagsEditor
LogPluginManager: Mounting plugin GeometryMode
LogPluginManager: Mounting plugin ChaosCloth
LogPluginManager: Mounting plugin ChaosEditor
LogPluginManager: Mounting plugin ChaosClothEditor
LogPluginManager: Mounting plugin ChaosNiagara
LogPluginManager: Mounting plugin MacGraphicsSwitching
LogPluginManager: Mounting plugin ChaosSolverPlugin
LogPluginManager: Mounting plugin MaterialAnalyzer
LogPluginManager: Mounting plugin CharacterAI
LogPluginManager: Mounting plugin MobileLauncherProfileWizard
LogPluginManager: Mounting plugin DataValidation
LogPluginManager: Mounting plugin SpeedTreeImporter
LogPluginManager: Mounting plugin Niagara
LogPluginManager: Mounting plugin GeometryCache
LogPluginManager: Mounting plugin PluginBrowser
LogPluginManager: Mounting plugin GeometryCollectionPlugin
LogPluginManager: Mounting plugin GeometryProcessing
LogPluginManager: Mounting plugin MotoSynth
LogPluginManager: Mounting plugin PlanarCut
LogPluginManager: Mounting plugin OpenImageDenoise
LogPluginManager: Mounting plugin ProxyLODPlugin
LogPluginManager: Mounting plugin PythonScriptPlugin
LogPluginManager: Mounting plugin PlatformCrypto
LogPluginManager: Mounting plugin SkeletalReduction
LogPluginManager: Mounting plugin LuminPlatformFeatures
LogPluginManager: Mounting plugin MagicLeap
LogPluginManager: Mounting plugin MagicLeapLightEstimation
LogPluginManager: Mounting plugin MagicLeapMedia
LogPluginManager: Mounting plugin MagicLeapPassableWorld
LogPluginManager: Mounting plugin MLSDK
LogPluginManager: Mounting plugin AndroidMedia
LogPluginManager: Mounting plugin ImgMedia
LogPluginManager: Mounting plugin MediaCompositing
LogPluginManager: Mounting plugin MediaPlayerEditor
LogPluginManager: Mounting plugin WebMMedia
LogPluginManager: Mounting plugin WmfMedia
LogPluginManager: Mounting plugin TcpMessaging
LogPluginManager: Mounting plugin UdpMessaging
LogPluginManager: Mounting plugin LauncherChunkInstaller
LogPluginManager: Mounting plugin ActorSequence
LogPluginManager: Mounting plugin LevelSequenceEditor
LogPluginManager: Mounting plugin MatineeToLevelSequence
LogPluginManager: Mounting plugin TemplateSequence
LogPluginManager: Mounting plugin OnlineSubsystem
LogPluginManager: Mounting plugin OnlineSubsystemNull
LogPluginManager: Mounting plugin AvfMedia
LogPluginManager: Mounting plugin OnlineSubsystemUtils
LogPluginManager: Mounting plugin ActorLayerUtilities
LogPluginManager: Mounting plugin AndroidMoviePlayer
LogPluginManager: Mounting plugin AndroidDeviceProfileSelector
LogPluginManager: Mounting plugin AndroidPermission
LogPluginManager: Mounting plugin AppleImageUtils
LogPluginManager: Mounting plugin AppleMoviePlayer
LogPluginManager: Mounting plugin ArchVisCharacter
LogPluginManager: Mounting plugin AssetTags
LogPluginManager: Mounting plugin AudioSynesthesia
LogPluginManager: Mounting plugin AudioCapture
LogPluginManager: Mounting plugin CableComponent
LogPluginManager: Mounting plugin ChunkDownloader
LogPluginManager: Mounting plugin CustomMeshComponent
LogPluginManager: Mounting plugin EditableMesh
LogPluginManager: Mounting plugin ExampleDeviceProfileSelector
LogPluginManager: Mounting plugin GoogleCloudMessaging
LogPluginManager: Mounting plugin GooglePAD
LogPluginManager: Mounting plugin IOSDeviceProfileSelector
LogPluginManager: Mounting plugin LinuxDeviceProfileSelector
LogPluginManager: Mounting plugin LocationServicesBPLibrary
LogPluginManager: Mounting plugin MobilePatchingUtils
LogPluginManager: Mounting plugin OpenXREyeTracker
LogPluginManager: Mounting plugin OpenXR
LogPluginManager: Mounting plugin OpenXRHandTracking
LogPluginManager: Mounting plugin PhysXVehicles
LogPluginManager: Mounting plugin PostSplashScreen
LogPluginManager: Mounting plugin ProceduralMeshComponent
LogPluginManager: Mounting plugin PropertyAccessEditor
LogPluginManager: Mounting plugin RuntimePhysXCooking
LogPluginManager: Mounting plugin SignificanceManager
LogPluginManager: Mounting plugin SoundFields
LogPluginManager: Mounting plugin ScreenshotTools
LogPluginManager: Mounting plugin WebMMoviePlayer
LogPluginManager: Mounting plugin WindowsMoviePlayer
LogPluginManager: Mounting plugin Synthesis
LogPluginManager: Mounting plugin DatasmithContent
LogPluginManager: Mounting plugin VariantManagerContent
LogPluginManager: Mounting plugin LiveLink
LogPluginManager: Mounting plugin Takes
LogPluginManager: Mounting plugin ContentBrowserAssetDataSource
LogPluginManager: Mounting plugin ContentBrowserClassDataSource
LogPluginManager: Mounting plugin ContentBrowserFileDataSource
LogPluginManager: Mounting plugin OnlineSubsystemIOS
LogPluginManager: Mounting plugin OnlineSubsystemGooglePlay
LogPluginManager: Mounting plugin DatabaseSupport
LogPluginManager: Mounting plugin SQLiteCore
LogPluginManager: Mounting plugin SQLiteSupport
LogPluginManager: Mounting plugin OculusVR
LogPluginManager: Mounting plugin SteamVR
PixWinPlugin: PIX capture plugin failed to initialize! Check that the process is launched from PIX.
LogInit: Using libcurl 7.55.1-DEV
LogInit:  - built for x86_64-pc-win32
LogInit:  - supports SSL with OpenSSL/1.1.1
LogInit:  - supports HTTP deflate (compression) using libz 1.2.8
LogInit:  - other features:
LogInit:      CURL_VERSION_SSL
LogInit:      CURL_VERSION_LIBZ
LogInit:      CURL_VERSION_IPV6
LogInit:      CURL_VERSION_ASYNCHDNS
LogInit:      CURL_VERSION_LARGEFILE
LogInit:      CURL_VERSION_IDN
LogInit:  CurlRequestOptions (configurable via config and command line):
LogInit:  - bVerifyPeer = true  - Libcurl will verify peer certificate
LogInit:  - bUseHttpProxy = false  - Libcurl will NOT use HTTP proxy
LogInit:  - bDontReuseConnections = false  - Libcurl will reuse connections
LogInit:  - MaxHostConnections = 16  - Libcurl will limit the number of connections to a host
LogInit:  - LocalHostAddr = Default
LogInit:  - BufferSize = 65536
LogOnline: OSS: Creating online subsystem instance for: NULL
LogInit: WinSock: version 1.1 (2.2), MaxSocks=32767, MaxUdp=65467
LogOnline: OSS: TryLoadSubsystemAndSetDefault: Loaded subsystem for module [NULL]
LogOculusPluginWrapper: OculusPlugin initialized successfully
LogHMD: Failed initializing OVRPlugin 1.59.0
LogInit: Build: ++UE4+Release-4.27-CL-17735300
LogInit: Engine Version: 4.27.1-17735300+++UE4+Release-4.27
LogInit: Compatible Engine Version: 4.27.0-17155196+++UE4+Release-4.27
LogInit: Net CL: 17155196
LogInit: OS: Windows 10 (Release 2009) (), CPU: Intel(R) Core(TM) i7-8700 CPU @ 3.20GHz, GPU: NVIDIA GeForce GT 730
LogInit: Compiled (64-bit): Oct  6 2021 14:42:51
LogInit: Compiled with Visual C++: 19.24.28315.00
LogInit: Build Configuration: Development
LogInit: Branch Name: ++UE4+Release-4.27
LogInit: Command Line: 
LogInit: Base Directory: E:/Epic Games/UE_4.27/Engine/Binaries/Win64/
LogInit: Allocator: TBB
LogInit: Installed Engine Build: 1
LogDevObjectVersion: Number of dev versions registered: 29
LogDevObjectVersion:   Dev-Blueprints (B0D832E4-1F89-4F0D-ACCF-7EB736FD4AA2): 10
LogDevObjectVersion:   Dev-Build (E1C64328-A22C-4D53-A36C-8E866417BD8C): 0
LogDevObjectVersion:   Dev-Core (375EC13C-06E4-48FB-B500-84F0262A717E): 4
LogDevObjectVersion:   Dev-Editor (E4B068ED-F494-42E9-A231-DA0B2E46BB41): 40
LogDevObjectVersion:   Dev-Framework (CFFC743F-43B0-4480-9391-14DF171D2073): 37
LogDevObjectVersion:   Dev-Mobile (B02B49B5-BB20-44E9-A304-32B752E40360): 3
LogDevObjectVersion:   Dev-Networking (A4E4105C-59A1-49B5-A7C5-40C4547EDFEE): 0
LogDevObjectVersion:   Dev-Online (39C831C9-5AE6-47DC-9A44-9C173E1C8E7C): 0
LogDevObjectVersion:   Dev-Physics (78F01B33-EBEA-4F98-B9B4-84EACCB95AA2): 14
LogDevObjectVersion:   Dev-Platform (6631380F-2D4D-43E0-8009-CF276956A95A): 0
LogDevObjectVersion:   Dev-Rendering (12F88B9F-8875-4AFC-A67C-D90C383ABD29): 45
LogDevObjectVersion:   Dev-Sequencer (7B5AE74C-D270-4C10-A958-57980B212A5A): 13
LogDevObjectVersion:   Dev-VR (D7296918-1DD6-4BDD-9DE2-64A83CC13884): 3
LogDevObjectVersion:   Dev-LoadTimes (C2A15278-BFE7-4AFE-6C17-90FF531DF755): 1
LogDevObjectVersion:   Private-Geometry (6EACA3D4-40EC-4CC1-B786-8BED09428FC5): 3
LogDevObjectVersion:   Dev-AnimPhys (29E575DD-E0A3-4627-9D10-D276232CDCEA): 17
LogDevObjectVersion:   Dev-Anim (AF43A65D-7FD3-4947-9873-3E8ED9C1BB05): 15
LogDevObjectVersion:   Dev-ReflectionCapture (6B266CEC-1EC7-4B8F-A30B-E4D90942FC07): 1
LogDevObjectVersion:   Dev-Automation (0DF73D61-A23F-47EA-B727-89E90C41499A): 1
LogDevObjectVersion:   FortniteMain (601D1886-AC64-4F84-AA16-D3DE0DEAC7D6): 47
LogDevObjectVersion:   FortniteRelease (E7086368-6B23-4C58-8439-1B7016265E91): 1
LogDevObjectVersion:   Dev-Enterprise (9DFFBCD6-494F-0158-E221-12823C92A888): 10
LogDevObjectVersion:   Dev-Niagara (F2AED0AC-9AFE-416F-8664-AA7FFA26D6FC): 1
LogDevObjectVersion:   Dev-Destruction (174F1F0B-B4C6-45A5-B13F-2EE8D0FB917D): 10
LogDevObjectVersion:   Dev-Physics-Ext (35F94A83-E258-406C-A318-09F59610247C): 41
LogDevObjectVersion:   Dev-PhysicsMaterial-Chaos (B68FC16E-8B1B-42E2-B453-215C058844FE): 1
LogDevObjectVersion:   Dev-CineCamera (B2E18506-4273-CFC2-A54E-F4BB758BBA07): 1
LogDevObjectVersion:   Dev-VirtualProduction (64F58936-FD1B-42BA-BA96-7289D5D0FA4E): 1
LogDevObjectVersion:   Dev-MediaFramework (6F0ED827-A609-4895-9C91-998D90180EA4): 2
LogInit: Presizing for max 25165824 objects, including 0 objects not considered by GC, pre-allocating 0 bytes for permanent pool.
LogConfig: Applying CVar settings from Section [/Script/Engine.StreamingSettings] File [E:/Documents/source/git/GameDev-FinalProject/Dungeons/Saved/Config/Windows/Engine.ini]
LogConfig: Setting CVar [[s.MinBulkDataSizeForAsyncLoading:131072]]
LogConfig: Setting CVar [[s.AsyncLoadingThreadEnabled:0]]
LogConfig: Setting CVar [[s.EventDrivenLoaderEnabled:1]]
LogConfig: Setting CVar [[s.WarnIfTimeLimitExceeded:0]]
LogConfig: Setting CVar [[s.TimeLimitExceededMultiplier:1.5]]
LogConfig: Setting CVar [[s.TimeLimitExceededMinTime:0.005]]
LogConfig: Setting CVar [[s.UseBackgroundLevelStreaming:1]]
LogConfig: Setting CVar [[s.PriorityAsyncLoadingExtraTime:15.0]]
LogConfig: Setting CVar [[s.LevelStreamingActorsUpdateTimeLimit:5.0]]
LogConfig: Setting CVar [[s.PriorityLevelStreamingActorsUpdateExtraTime:5.0]]
LogConfig: Setting CVar [[s.LevelStreamingComponentsRegistrationGranularity:10]]
LogConfig: Setting CVar [[s.UnregisterComponentsTimeLimit:1.0]]
LogConfig: Setting CVar [[s.LevelStreamingComponentsUnregistrationGranularity:5]]
LogConfig: Setting CVar [[s.FlushStreamingOnExit:1]]
LogInit: Object subsystem initialized
LogConfig: Setting CVar [[con.DebugEarlyDefault:1]]
LogConfig: Setting CVar [[r.setres:1280x720]]
[2021.12.15-17.58.24:063][  0]LogConfig: Setting CVar [[r.VSync:0]]
[2021.12.15-17.58.24:063][  0]LogConfig: Setting CVar [[r.RHICmdBypass:0]]
[2021.12.15-17.58.24:063][  0]LogConfig: Applying CVar settings from Section [/Script/Engine.RendererSettings] File [E:/Documents/source/git/GameDev-FinalProject/Dungeons/Saved/Config/Windows/Engine.ini]
[2021.12.15-17.58.24:063][  0]LogConfig: Setting CVar [[r.GPUCrashDebugging:0]]
[2021.12.15-17.58.24:063][  0]LogConfig: Setting CVar [[r.SupportSkyAtmosphereAffectsHeightFog:1]]
[2021.12.15-17.58.24:063][  0]LogConfig: Setting CVar [[r.GenerateMeshDistanceFields:1]]
[2021.12.15-17.58.24:063][  0]LogConfig: Setting CVar [[r.AllowStaticLighting:0]]
[2021.12.15-17.58.24:063][  0]LogConfig: Setting CVar [[r.LightPropagationVolume:1]]
[2021.12.15-17.58.24:063][  0]LogConfig: Setting CVar [[r.SSGI.Enable:1]]
[2021.12.15-17.58.24:063][  0]LogConfig: Applying CVar settings from Section [/Script/Engine.RendererOverrideSettings] File [E:/Documents/source/git/GameDev-FinalProject/Dungeons/Saved/Config/Windows/Engine.ini]
[2021.12.15-17.58.24:063][  0]LogConfig: Applying CVar settings from Section [/Script/Engine.StreamingSettings] File [E:/Documents/source/git/GameDev-FinalProject/Dungeons/Saved/Config/Windows/Engine.ini]
[2021.12.15-17.58.24:063][  0]LogConfig: Setting CVar [[s.MinBulkDataSizeForAsyncLoading:131072]]
[2021.12.15-17.58.24:063][  0]LogConfig: Setting CVar [[s.AsyncLoadingThreadEnabled:0]]
[2021.12.15-17.58.24:063][  0]LogConfig: Setting CVar [[s.EventDrivenLoaderEnabled:1]]
[2021.12.15-17.58.24:063][  0]LogConfig: Setting CVar [[s.WarnIfTimeLimitExceeded:0]]
[2021.12.15-17.58.24:063][  0]LogConfig: Setting CVar [[s.TimeLimitExceededMultiplier:1.5]]
[2021.12.15-17.58.24:063][  0]LogConfig: Setting CVar [[s.TimeLimitExceededMinTime:0.005]]
[2021.12.15-17.58.24:063][  0]LogConfig: Setting CVar [[s.UseBackgroundLevelStreaming:1]]
[2021.12.15-17.58.24:063][  0]LogConfig: Setting CVar [[s.PriorityAsyncLoadingExtraTime:15.0]]
[2021.12.15-17.58.24:063][  0]LogConfig: Setting CVar [[s.LevelStreamingActorsUpdateTimeLimit:5.0]]
[2021.12.15-17.58.24:063][  0]LogConfig: Setting CVar [[s.PriorityLevelStreamingActorsUpdateExtraTime:5.0]]
[2021.12.15-17.58.24:063][  0]LogConfig: Setting CVar [[s.LevelStreamingComponentsRegistrationGranularity:10]]
[2021.12.15-17.58.24:063][  0]LogConfig: Setting CVar [[s.UnregisterComponentsTimeLimit:1.0]]
[2021.12.15-17.58.24:063][  0]LogConfig: Setting CVar [[s.LevelStreamingComponentsUnregistrationGranularity:5]]
[2021.12.15-17.58.24:063][  0]LogConfig: Setting CVar [[s.FlushStreamingOnExit:1]]
[2021.12.15-17.58.24:063][  0]LogConfig: Applying CVar settings from Section [/Script/Engine.GarbageCollectionSettings] File [E:/Documents/source/git/GameDev-FinalProject/Dungeons/Saved/Config/Windows/Engine.ini]
[2021.12.15-17.58.24:063][  0]LogConfig: Setting CVar [[gc.MaxObjectsNotConsideredByGC:1]]
[2021.12.15-17.58.24:063][  0]LogConfig: Setting CVar [[gc.SizeOfPermanentObjectPool:0]]
[2021.12.15-17.58.24:063][  0]LogConfig: Setting CVar [[gc.FlushStreamingOnGC:0]]
[2021.12.15-17.58.24:063][  0]LogConfig: Setting CVar [[gc.NumRetriesBeforeForcingGC:10]]
[2021.12.15-17.58.24:063][  0]LogConfig: Setting CVar [[gc.AllowParallelGC:1]]
[2021.12.15-17.58.24:063][  0]LogConfig: Setting CVar [[gc.TimeBetweenPurgingPendingKillObjects:61.1]]
[2021.12.15-17.58.24:063][  0]LogConfig: Setting CVar [[gc.MaxObjectsInEditor:25165824]]
[2021.12.15-17.58.24:063][  0]LogConfig: Setting CVar [[gc.IncrementalBeginDestroyEnabled:1]]
[2021.12.15-17.58.24:063][  0]LogConfig: Setting CVar [[gc.CreateGCClusters:1]]
[2021.12.15-17.58.24:063][  0]LogConfig: Setting CVar [[gc.MinGCClusterSize:5]]
[2021.12.15-17.58.24:063][  0]LogConfig: Setting CVar [[gc.ActorClusteringEnabled:0]]
[2021.12.15-17.58.24:063][  0]LogConfig: Setting CVar [[gc.BlueprintClusteringEnabled:0]]
[2021.12.15-17.58.24:063][  0]LogConfig: Setting CVar [[gc.UseDisregardForGCOnDedicatedServers:0]]
[2021.12.15-17.58.24:063][  0]LogConfig: Setting CVar [[gc.MultithreadedDestructionEnabled:1]]
[2021.12.15-17.58.24:063][  0]LogConfig: Applying CVar settings from Section [/Script/Engine.NetworkSettings] File [E:/Documents/source/git/GameDev-FinalProject/Dungeons/Saved/Config/Windows/Engine.ini]
[2021.12.15-17.58.24:063][  0]LogConfig: Applying CVar settings from Section [/Script/UnrealEd.CookerSettings] File [E:/Documents/source/git/GameDev-FinalProject/Dungeons/Saved/Config/Windows/Engine.ini]
[2021.12.15-17.58.24:065][  0]LogConfig: Applying CVar settings from Section [ViewDistanceQuality@3] File [E:/Documents/source/git/GameDev-FinalProject/Dungeons/Saved/Config/Windows/Scalability.ini]
[2021.12.15-17.58.24:065][  0]LogConfig: Setting CVar [[r.SkeletalMeshLODBias:0]]
[2021.12.15-17.58.24:065][  0]LogConfig: Setting CVar [[r.ViewDistanceScale:1.0]]
[2021.12.15-17.58.24:065][  0]LogConfig: Applying CVar settings from Section [AntiAliasingQuality@3] File [E:/Documents/source/git/GameDev-FinalProject/Dungeons/Saved/Config/Windows/Scalability.ini]
[2021.12.15-17.58.24:065][  0]LogConfig: Setting CVar [[r.PostProcessAAQuality:4]]
[2021.12.15-17.58.24:065][  0]LogConfig: Applying CVar settings from Section [ShadowQuality@3] File [E:/Documents/source/git/GameDev-FinalProject/Dungeons/Saved/Config/Windows/Scalability.ini]
[2021.12.15-17.58.24:065][  0]LogConfig: Setting CVar [[r.LightFunctionQuality:1]]
[2021.12.15-17.58.24:065][  0]LogConfig: Setting CVar [[r.ShadowQuality:5]]
[2021.12.15-17.58.24:065][  0]LogConfig: Setting CVar [[r.Shadow.CSM.MaxCascades:10]]
[2021.12.15-17.58.24:065][  0]LogConfig: Setting CVar [[r.Shadow.MaxResolution:2048]]
[2021.12.15-17.58.24:065][  0]LogConfig: Setting CVar [[r.Shadow.MaxCSMResolution:2048]]
[2021.12.15-17.58.24:065][  0]LogConfig: Setting CVar [[r.Shadow.RadiusThreshold:0.01]]
[2021.12.15-17.58.24:065][  0]LogConfig: Setting CVar [[r.Shadow.DistanceScale:1.0]]
[2021.12.15-17.58.24:065][  0]LogConfig: Setting CVar [[r.Shadow.CSM.TransitionScale:1.0]]
[2021.12.15-17.58.24:065][  0]LogConfig: Setting CVar [[r.Shadow.PreShadowResolutionFactor:1.0]]
[2021.12.15-17.58.24:065][  0]LogConfig: Setting CVar [[r.DistanceFieldShadowing:1]]
[2021.12.15-17.58.24:065][  0]LogConfig: Setting CVar [[r.DistanceFieldAO:1]]
[2021.12.15-17.58.24:065][  0]LogConfig: Setting CVar [[r.AOQuality:2]]
[2021.12.15-17.58.24:065][  0]LogConfig: Setting CVar [[r.VolumetricFog:1]]
[2021.12.15-17.58.24:065][  0]LogConfig: Setting CVar [[r.VolumetricFog.GridPixelSize:8]]
[2021.12.15-17.58.24:065][  0]LogConfig: Setting CVar [[r.VolumetricFog.GridSizeZ:128]]
[2021.12.15-17.58.24:065][  0]LogConfig: Setting CVar [[r.VolumetricFog.HistoryMissSupersampleCount:4]]
[2021.12.15-17.58.24:065][  0]LogConfig: Setting CVar [[r.LightMaxDrawDistanceScale:1]]
[2021.12.15-17.58.24:065][  0]LogConfig: Setting CVar [[r.CapsuleShadows:1]]
[2021.12.15-17.58.24:065][  0]LogConfig: Applying CVar settings from Section [PostProcessQuality@3] File [E:/Documents/source/git/GameDev-FinalProject/Dungeons/Saved/Config/Windows/Scalability.ini]
[2021.12.15-17.58.24:065][  0]LogConfig: Setting CVar [[r.MotionBlurQuality:4]]
[2021.12.15-17.58.24:065][  0]LogConfig: Setting CVar [[r.AmbientOcclusionMipLevelFactor:0.4]]
[2021.12.15-17.58.24:065][  0]LogConfig: Setting CVar [[r.AmbientOcclusionMaxQuality:100]]
[2021.12.15-17.58.24:065][  0]LogConfig: Setting CVar [[r.AmbientOcclusionLevels:-1]]
[2021.12.15-17.58.24:065][  0]LogConfig: Setting CVar [[r.AmbientOcclusionRadiusScale:1.0]]
[2021.12.15-17.58.24:065][  0]LogConfig: Setting CVar [[r.DepthOfFieldQuality:2]]
[2021.12.15-17.58.24:065][  0]LogConfig: Setting CVar [[r.RenderTargetPoolMin:400]]
[2021.12.15-17.58.24:065][  0]LogConfig: Setting CVar [[r.LensFlareQuality:2]]
[2021.12.15-17.58.24:065][  0]LogConfig: Setting CVar [[r.SceneColorFringeQuality:1]]
[2021.12.15-17.58.24:065][  0]LogConfig: Setting CVar [[r.EyeAdaptationQuality:2]]
[2021.12.15-17.58.24:065][  0]LogConfig: Setting CVar [[r.BloomQuality:5]]
[2021.12.15-17.58.24:065][  0]LogConfig: Setting CVar [[r.FastBlurThreshold:100]]
[2021.12.15-17.58.24:065][  0]LogConfig: Setting CVar [[r.Upscale.Quality:3]]
[2021.12.15-17.58.24:065][  0]LogConfig: Setting CVar [[r.Tonemapper.GrainQuantization:1]]
[2021.12.15-17.58.24:065][  0]LogConfig: Setting CVar [[r.LightShaftQuality:1]]
[2021.12.15-17.58.24:065][  0]LogConfig: Setting CVar [[r.Filter.SizeScale:1]]
[2021.12.15-17.58.24:065][  0]LogConfig: Setting CVar [[r.Tonemapper.Quality:5]]
[2021.12.15-17.58.24:065][  0]LogConfig: Setting CVar [[r.DOF.Gather.AccumulatorQuality:1        ; higher gathering accumulator quality]]
[2021.12.15-17.58.24:065][  0]LogConfig: Setting CVar [[r.DOF.Gather.PostfilterMethod:1          ; Median3x3 postfilering method]]
[2021.12.15-17.58.24:065][  0]LogConfig: Setting CVar [[r.DOF.Gather.EnableBokehSettings:0       ; no bokeh simulation when gathering]]
[2021.12.15-17.58.24:065][  0]LogConfig: Setting CVar [[r.DOF.Gather.RingCount:4                 ; medium number of samples when gathering]]
[2021.12.15-17.58.24:065][  0]LogConfig: Setting CVar [[r.DOF.Scatter.ForegroundCompositing:1    ; additive foreground scattering]]
[2021.12.15-17.58.24:065][  0]LogConfig: Setting CVar [[r.DOF.Scatter.BackgroundCompositing:2    ; additive background scattering]]
[2021.12.15-17.58.24:065][  0]LogConfig: Setting CVar [[r.DOF.Scatter.EnableBokehSettings:1      ; bokeh simulation when scattering]]
[2021.12.15-17.58.24:065][  0]LogConfig: Setting CVar [[r.DOF.Scatter.MaxSpriteRatio:0.1         ; only a maximum of 10% of scattered bokeh]]
[2021.12.15-17.58.24:065][  0]LogConfig: Setting CVar [[r.DOF.Recombine.Quality:1                ; cheap slight out of focus]]
[2021.12.15-17.58.24:065][  0]LogConfig: Setting CVar [[r.DOF.Recombine.EnableBokehSettings:0    ; no bokeh simulation on slight out of focus]]
[2021.12.15-17.58.24:065][  0]LogConfig: Setting CVar [[r.DOF.TemporalAAQuality:1                ; more stable temporal accumulation]]
[2021.12.15-17.58.24:065][  0]LogConfig: Setting CVar [[r.DOF.Kernel.MaxForegroundRadius:0.025]]
[2021.12.15-17.58.24:065][  0]LogConfig: Setting CVar [[r.DOF.Kernel.MaxBackgroundRadius:0.025]]
[2021.12.15-17.58.24:065][  0]LogConfig: Applying CVar settings from Section [TextureQuality@3] File [E:/Documents/source/git/GameDev-FinalProject/Dungeons/Saved/Config/Windows/Scalability.ini]
[2021.12.15-17.58.24:065][  0]LogConfig: Setting CVar [[r.Streaming.MipBias:0]]
[2021.12.15-17.58.24:065][  0]LogConfig: Setting CVar [[r.Streaming.AmortizeCPUToGPUCopy:0]]
[2021.12.15-17.58.24:065][  0]LogConfig: Setting CVar [[r.Streaming.MaxNumTexturesToStreamPerFrame:0]]
[2021.12.15-17.58.24:065][  0]LogConfig: Setting CVar [[r.Streaming.Boost:1]]
[2021.12.15-17.58.24:065][  0]LogConfig: Setting CVar [[r.MaxAnisotropy:8]]
[2021.12.15-17.58.24:065][  0]LogConfig: Setting CVar [[r.VT.MaxAnisotropy:8]]
[2021.12.15-17.58.24:065][  0]LogConfig: Setting CVar [[r.Streaming.LimitPoolSizeToVRAM:0]]
[2021.12.15-17.58.24:065][  0]LogConfig: Setting CVar [[r.Streaming.PoolSize:1000]]
[2021.12.15-17.58.24:065][  0]LogConfig: Setting CVar [[r.Streaming.MaxEffectiveScreenSize:0]]
[2021.12.15-17.58.24:065][  0]LogConfig: Applying CVar settings from Section [EffectsQuality@3] File [E:/Documents/source/git/GameDev-FinalProject/Dungeons/Saved/Config/Windows/Scalability.ini]
[2021.12.15-17.58.24:065][  0]LogConfig: Setting CVar [[r.TranslucencyLightingVolumeDim:64]]
[2021.12.15-17.58.24:065][  0]LogConfig: Setting CVar [[r.RefractionQuality:2]]
[2021.12.15-17.58.24:065][  0]LogConfig: Setting CVar [[r.SSR.Quality:3]]
[2021.12.15-17.58.24:065][  0]LogConfig: Setting CVar [[r.SSR.HalfResSceneColor:0]]
[2021.12.15-17.58.24:065][  0]LogConfig: Setting CVar [[r.SceneColorFormat:4]]
[2021.12.15-17.58.24:065][  0]LogConfig: Setting CVar [[r.DetailMode:2]]
[2021.12.15-17.58.24:065][  0]LogConfig: Setting CVar [[r.TranslucencyVolumeBlur:1]]
[2021.12.15-17.58.24:065][  0]LogConfig: Setting CVar [[r.MaterialQualityLevel:1 ; High quality]]
[2021.12.15-17.58.24:065][  0]LogConfig: Setting CVar [[r.AnisotropicMaterials:1]]
[2021.12.15-17.58.24:065][  0]LogConfig: Setting CVar [[r.SSS.Scale:1]]
[2021.12.15-17.58.24:065][  0]LogConfig: Setting CVar [[r.SSS.SampleSet:2]]
[2021.12.15-17.58.24:065][  0]LogConfig: Setting CVar [[r.SSS.Quality:1]]
[2021.12.15-17.58.24:065][  0]LogConfig: Setting CVar [[r.SSS.HalfRes:0]]
[2021.12.15-17.58.24:065][  0]LogConfig: Setting CVar [[r.SSGI.Quality:3]]
[2021.12.15-17.58.24:065][  0]LogConfig: Setting CVar [[r.EmitterSpawnRateScale:1.0]]
[2021.12.15-17.58.24:065][  0]LogConfig: Setting CVar [[r.ParticleLightQuality:2]]
[2021.12.15-17.58.24:065][  0]LogConfig: Setting CVar [[r.SkyAtmosphere.AerialPerspectiveLUT.FastApplyOnOpaque:1 ; Always have FastSkyLUT 1 in this case to avoid wrong sky]]
[2021.12.15-17.58.24:065][  0]LogConfig: Setting CVar [[r.SkyAtmosphere.AerialPerspectiveLUT.SampleCountMaxPerSlice:4]]
[2021.12.15-17.58.24:066][  0]LogConfig: Setting CVar [[r.SkyAtmosphere.AerialPerspectiveLUT.DepthResolution:16.0]]
[2021.12.15-17.58.24:066][  0]LogConfig: Setting CVar [[r.SkyAtmosphere.FastSkyLUT:1]]
[2021.12.15-17.58.24:066][  0]LogConfig: Setting CVar [[r.SkyAtmosphere.FastSkyLUT.SampleCountMin:4.0]]
[2021.12.15-17.58.24:066][  0]LogConfig: Setting CVar [[r.SkyAtmosphere.FastSkyLUT.SampleCountMax:128.0]]
[2021.12.15-17.58.24:066][  0]LogConfig: Setting CVar [[r.SkyAtmosphere.SampleCountMin:4.0]]
[2021.12.15-17.58.24:066][  0]LogConfig: Setting CVar [[r.SkyAtmosphere.SampleCountMax:128.0]]
[2021.12.15-17.58.24:066][  0]LogConfig: Setting CVar [[r.SkyAtmosphere.TransmittanceLUT.UseSmallFormat:0]]
[2021.12.15-17.58.24:066][  0]LogConfig: Setting CVar [[r.SkyAtmosphere.TransmittanceLUT.SampleCount:10.0]]
[2021.12.15-17.58.24:066][  0]LogConfig: Setting CVar [[r.SkyAtmosphere.MultiScatteringLUT.SampleCount:15.0]]
[2021.12.15-17.58.24:066][  0]LogConfig: Setting CVar [[r.SkyLight.RealTimeReflectionCapture:1]]
[2021.12.15-17.58.24:066][  0]LogConfig: Applying CVar settings from Section [FoliageQuality@3] File [E:/Documents/source/git/GameDev-FinalProject/Dungeons/Saved/Config/Windows/Scalability.ini]
[2021.12.15-17.58.24:066][  0]LogConfig: Setting CVar [[foliage.DensityScale:1.0]]
[2021.12.15-17.58.24:066][  0]LogConfig: Setting CVar [[grass.DensityScale:1.0]]
[2021.12.15-17.58.24:066][  0]LogConfig: Applying CVar settings from Section [ShadingQuality@3] File [E:/Documents/source/git/GameDev-FinalProject/Dungeons/Saved/Config/Windows/Scalability.ini]
[2021.12.15-17.58.24:066][  0]LogConfig: Setting CVar [[r.HairStrands.SkyLighting.IntegrationType:2]]
[2021.12.15-17.58.24:066][  0]LogConfig: Setting CVar [[r.HairStrands.SkyAO.SampleCount:4]]
[2021.12.15-17.58.24:066][  0]LogConfig: Setting CVar [[r.HairStrands.Visibility.MSAA.SamplePerPixel:4]]
[2021.12.15-17.58.24:066][  0]LogInit: Selected Device Profile: [Windows]
[2021.12.15-17.58.24:066][  0]LogInit: Applying CVar settings loaded from the selected device profile: [Windows]
[2021.12.15-17.58.24:066][  0]LogHAL: Display: Platform has ~ 16 GB [17040465920 / 17179869184 / 16], which maps to Larger [LargestMinGB=32, LargerMinGB=12, DefaultMinGB=8, SmallerMinGB=6, SmallestMinGB=0)
[2021.12.15-17.58.24:066][  0]LogInit: Going up to parent DeviceProfile []
[2021.12.15-17.58.24:066][  0]LogConfig: Applying CVar settings from Section [ViewDistanceQuality@3] File [E:/Documents/source/git/GameDev-FinalProject/Dungeons/Saved/Config/Windows/Scalability.ini]
[2021.12.15-17.58.24:066][  0]LogConfig: Setting CVar [[r.SkeletalMeshLODBias:0]]
[2021.12.15-17.58.24:066][  0]LogConfig: Setting CVar [[r.ViewDistanceScale:1.0]]
[2021.12.15-17.58.24:066][  0]LogConfig: Applying CVar settings from Section [AntiAliasingQuality@3] File [E:/Documents/source/git/GameDev-FinalProject/Dungeons/Saved/Config/Windows/Scalability.ini]
[2021.12.15-17.58.24:066][  0]LogConfig: Setting CVar [[r.PostProcessAAQuality:4]]
[2021.12.15-17.58.24:066][  0]LogConfig: Applying CVar settings from Section [ShadowQuality@3] File [E:/Documents/source/git/GameDev-FinalProject/Dungeons/Saved/Config/Windows/Scalability.ini]
[2021.12.15-17.58.24:066][  0]LogConfig: Setting CVar [[r.LightFunctionQuality:1]]
[2021.12.15-17.58.24:066][  0]LogConfig: Setting CVar [[r.ShadowQuality:5]]
[2021.12.15-17.58.24:066][  0]LogConfig: Setting CVar [[r.Shadow.CSM.MaxCascades:10]]
[2021.12.15-17.58.24:066][  0]LogConfig: Setting CVar [[r.Shadow.MaxResolution:2048]]
[2021.12.15-17.58.24:066][  0]LogConfig: Setting CVar [[r.Shadow.MaxCSMResolution:2048]]
[2021.12.15-17.58.24:066][  0]LogConfig: Setting CVar [[r.Shadow.RadiusThreshold:0.01]]
[2021.12.15-17.58.24:066][  0]LogConfig: Setting CVar [[r.Shadow.DistanceScale:1.0]]
[2021.12.15-17.58.24:066][  0]LogConfig: Setting CVar [[r.Shadow.CSM.TransitionScale:1.0]]
[2021.12.15-17.58.24:066][  0]LogConfig: Setting CVar [[r.Shadow.PreShadowResolutionFactor:1.0]]
[2021.12.15-17.58.24:066][  0]LogConfig: Setting CVar [[r.DistanceFieldShadowing:1]]
[2021.12.15-17.58.24:066][  0]LogConfig: Setting CVar [[r.DistanceFieldAO:1]]
[2021.12.15-17.58.24:066][  0]LogConfig: Setting CVar [[r.AOQuality:2]]
[2021.12.15-17.58.24:066][  0]LogConfig: Setting CVar [[r.VolumetricFog:1]]
[2021.12.15-17.58.24:066][  0]LogConfig: Setting CVar [[r.VolumetricFog.GridPixelSize:8]]
[2021.12.15-17.58.24:066][  0]LogConfig: Setting CVar [[r.VolumetricFog.GridSizeZ:128]]
[2021.12.15-17.58.24:066][  0]LogConfig: Setting CVar [[r.VolumetricFog.HistoryMissSupersampleCount:4]]
[2021.12.15-17.58.24:066][  0]LogConfig: Setting CVar [[r.LightMaxDrawDistanceScale:1]]
[2021.12.15-17.58.24:066][  0]LogConfig: Setting CVar [[r.CapsuleShadows:1]]
[2021.12.15-17.58.24:066][  0]LogConfig: Applying CVar settings from Section [PostProcessQuality@3] File [E:/Documents/source/git/GameDev-FinalProject/Dungeons/Saved/Config/Windows/Scalability.ini]
[2021.12.15-17.58.24:066][  0]LogConfig: Setting CVar [[r.MotionBlurQuality:4]]
[2021.12.15-17.58.24:066][  0]LogConfig: Setting CVar [[r.AmbientOcclusionMipLevelFactor:0.4]]
[2021.12.15-17.58.24:066][  0]LogConfig: Setting CVar [[r.AmbientOcclusionMaxQuality:100]]
[2021.12.15-17.58.24:066][  0]LogConfig: Setting CVar [[r.AmbientOcclusionLevels:-1]]
[2021.12.15-17.58.24:066][  0]LogConfig: Setting CVar [[r.AmbientOcclusionRadiusScale:1.0]]
[2021.12.15-17.58.24:066][  0]LogConfig: Setting CVar [[r.DepthOfFieldQuality:2]]
[2021.12.15-17.58.24:066][  0]LogConfig: Setting CVar [[r.RenderTargetPoolMin:400]]
[2021.12.15-17.58.24:066][  0]LogConfig: Setting CVar [[r.LensFlareQuality:2]]
[2021.12.15-17.58.24:066][  0]LogConfig: Setting CVar [[r.SceneColorFringeQuality:1]]
[2021.12.15-17.58.24:066][  0]LogConfig: Setting CVar [[r.EyeAdaptationQuality:2]]
[2021.12.15-17.58.24:066][  0]LogConfig: Setting CVar [[r.BloomQuality:5]]
[2021.12.15-17.58.24:066][  0]LogConfig: Setting CVar [[r.FastBlurThreshold:100]]
[2021.12.15-17.58.24:066][  0]LogConfig: Setting CVar [[r.Upscale.Quality:3]]
[2021.12.15-17.58.24:066][  0]LogConfig: Setting CVar [[r.Tonemapper.GrainQuantization:1]]
[2021.12.15-17.58.24:066][  0]LogConfig: Setting CVar [[r.LightShaftQuality:1]]
[2021.12.15-17.58.24:066][  0]LogConfig: Setting CVar [[r.Filter.SizeScale:1]]
[2021.12.15-17.58.24:066][  0]LogConfig: Setting CVar [[r.Tonemapper.Quality:5]]
[2021.12.15-17.58.24:066][  0]LogConfig: Setting CVar [[r.DOF.Gather.AccumulatorQuality:1        ; higher gathering accumulator quality]]
[2021.12.15-17.58.24:066][  0]LogConfig: Setting CVar [[r.DOF.Gather.PostfilterMethod:1          ; Median3x3 postfilering method]]
[2021.12.15-17.58.24:066][  0]LogConfig: Setting CVar [[r.DOF.Gather.EnableBokehSettings:0       ; no bokeh simulation when gathering]]
[2021.12.15-17.58.24:066][  0]LogConfig: Setting CVar [[r.DOF.Gather.RingCount:4                 ; medium number of samples when gathering]]
[2021.12.15-17.58.24:066][  0]LogConfig: Setting CVar [[r.DOF.Scatter.ForegroundCompositing:1    ; additive foreground scattering]]
[2021.12.15-17.58.24:066][  0]LogConfig: Setting CVar [[r.DOF.Scatter.BackgroundCompositing:2    ; additive background scattering]]
[2021.12.15-17.58.24:066][  0]LogConfig: Setting CVar [[r.DOF.Scatter.EnableBokehSettings:1      ; bokeh simulation when scattering]]
[2021.12.15-17.58.24:066][  0]LogConfig: Setting CVar [[r.DOF.Scatter.MaxSpriteRatio:0.1         ; only a maximum of 10% of scattered bokeh]]
[2021.12.15-17.58.24:066][  0]LogConfig: Setting CVar [[r.DOF.Recombine.Quality:1                ; cheap slight out of focus]]
[2021.12.15-17.58.24:066][  0]LogConfig: Setting CVar [[r.DOF.Recombine.EnableBokehSettings:0    ; no bokeh simulation on slight out of focus]]
[2021.12.15-17.58.24:066][  0]LogConfig: Setting CVar [[r.DOF.TemporalAAQuality:1                ; more stable temporal accumulation]]
[2021.12.15-17.58.24:066][  0]LogConfig: Setting CVar [[r.DOF.Kernel.MaxForegroundRadius:0.025]]
[2021.12.15-17.58.24:066][  0]LogConfig: Setting CVar [[r.DOF.Kernel.MaxBackgroundRadius:0.025]]
[2021.12.15-17.58.24:066][  0]LogConfig: Applying CVar settings from Section [TextureQuality@3] File [E:/Documents/source/git/GameDev-FinalProject/Dungeons/Saved/Config/Windows/Scalability.ini]
[2021.12.15-17.58.24:066][  0]LogConfig: Setting CVar [[r.Streaming.MipBias:0]]
[2021.12.15-17.58.24:066][  0]LogConfig: Setting CVar [[r.Streaming.AmortizeCPUToGPUCopy:0]]
[2021.12.15-17.58.24:066][  0]LogConfig: Setting CVar [[r.Streaming.MaxNumTexturesToStreamPerFrame:0]]
[2021.12.15-17.58.24:066][  0]LogConfig: Setting CVar [[r.Streaming.Boost:1]]
[2021.12.15-17.58.24:066][  0]LogConfig: Setting CVar [[r.MaxAnisotropy:8]]
[2021.12.15-17.58.24:066][  0]LogConfig: Setting CVar [[r.VT.MaxAnisotropy:8]]
[2021.12.15-17.58.24:066][  0]LogConfig: Setting CVar [[r.Streaming.LimitPoolSizeToVRAM:0]]
[2021.12.15-17.58.24:066][  0]LogConfig: Setting CVar [[r.Streaming.PoolSize:1000]]
[2021.12.15-17.58.24:066][  0]LogConfig: Setting CVar [[r.Streaming.MaxEffectiveScreenSize:0]]
[2021.12.15-17.58.24:066][  0]LogConfig: Applying CVar settings from Section [EffectsQuality@3] File [E:/Documents/source/git/GameDev-FinalProject/Dungeons/Saved/Config/Windows/Scalability.ini]
[2021.12.15-17.58.24:066][  0]LogConfig: Setting CVar [[r.TranslucencyLightingVolumeDim:64]]
[2021.12.15-17.58.24:066][  0]LogConfig: Setting CVar [[r.RefractionQuality:2]]
[2021.12.15-17.58.24:066][  0]LogConfig: Setting CVar [[r.SSR.Quality:3]]
[2021.12.15-17.58.24:066][  0]LogConfig: Setting CVar [[r.SSR.HalfResSceneColor:0]]
[2021.12.15-17.58.24:067][  0]LogConfig: Setting CVar [[r.SceneColorFormat:4]]
[2021.12.15-17.58.24:067][  0]LogConfig: Setting CVar [[r.DetailMode:2]]
[2021.12.15-17.58.24:067][  0]LogConfig: Setting CVar [[r.TranslucencyVolumeBlur:1]]
[2021.12.15-17.58.24:067][  0]LogConfig: Setting CVar [[r.MaterialQualityLevel:1 ; High quality]]
[2021.12.15-17.58.24:067][  0]LogConfig: Setting CVar [[r.AnisotropicMaterials:1]]
[2021.12.15-17.58.24:067][  0]LogConfig: Setting CVar [[r.SSS.Scale:1]]
[2021.12.15-17.58.24:067][  0]LogConfig: Setting CVar [[r.SSS.SampleSet:2]]
[2021.12.15-17.58.24:067][  0]LogConfig: Setting CVar [[r.SSS.Quality:1]]
[2021.12.15-17.58.24:067][  0]LogConfig: Setting CVar [[r.SSS.HalfRes:0]]
[2021.12.15-17.58.24:067][  0]LogConfig: Setting CVar [[r.SSGI.Quality:3]]
[2021.12.15-17.58.24:067][  0]LogConfig: Setting CVar [[r.EmitterSpawnRateScale:1.0]]
[2021.12.15-17.58.24:067][  0]LogConfig: Setting CVar [[r.ParticleLightQuality:2]]
[2021.12.15-17.58.24:067][  0]LogConfig: Setting CVar [[r.SkyAtmosphere.AerialPerspectiveLUT.FastApplyOnOpaque:1 ; Always have FastSkyLUT 1 in this case to avoid wrong sky]]
[2021.12.15-17.58.24:067][  0]LogConfig: Setting CVar [[r.SkyAtmosphere.AerialPerspectiveLUT.SampleCountMaxPerSlice:4]]
[2021.12.15-17.58.24:067][  0]LogConfig: Setting CVar [[r.SkyAtmosphere.AerialPerspectiveLUT.DepthResolution:16.0]]
[2021.12.15-17.58.24:067][  0]LogConfig: Setting CVar [[r.SkyAtmosphere.FastSkyLUT:1]]
[2021.12.15-17.58.24:067][  0]LogConfig: Setting CVar [[r.SkyAtmosphere.FastSkyLUT.SampleCountMin:4.0]]
[2021.12.15-17.58.24:067][  0]LogConfig: Setting CVar [[r.SkyAtmosphere.FastSkyLUT.SampleCountMax:128.0]]
[2021.12.15-17.58.24:067][  0]LogConfig: Setting CVar [[r.SkyAtmosphere.SampleCountMin:4.0]]
[2021.12.15-17.58.24:067][  0]LogConfig: Setting CVar [[r.SkyAtmosphere.SampleCountMax:128.0]]
[2021.12.15-17.58.24:067][  0]LogConfig: Setting CVar [[r.SkyAtmosphere.TransmittanceLUT.UseSmallFormat:0]]
[2021.12.15-17.58.24:067][  0]LogConfig: Setting CVar [[r.SkyAtmosphere.TransmittanceLUT.SampleCount:10.0]]
[2021.12.15-17.58.24:067][  0]LogConfig: Setting CVar [[r.SkyAtmosphere.MultiScatteringLUT.SampleCount:15.0]]
[2021.12.15-17.58.24:067][  0]LogConfig: Setting CVar [[r.SkyLight.RealTimeReflectionCapture:1]]
[2021.12.15-17.58.24:067][  0]LogConfig: Applying CVar settings from Section [FoliageQuality@3] File [E:/Documents/source/git/GameDev-FinalProject/Dungeons/Saved/Config/Windows/Scalability.ini]
[2021.12.15-17.58.24:067][  0]LogConfig: Setting CVar [[foliage.DensityScale:1.0]]
[2021.12.15-17.58.24:067][  0]LogConfig: Setting CVar [[grass.DensityScale:1.0]]
[2021.12.15-17.58.24:067][  0]LogConfig: Applying CVar settings from Section [ShadingQuality@3] File [E:/Documents/source/git/GameDev-FinalProject/Dungeons/Saved/Config/Windows/Scalability.ini]
[2021.12.15-17.58.24:067][  0]LogConfig: Setting CVar [[r.HairStrands.SkyLighting.IntegrationType:2]]
[2021.12.15-17.58.24:067][  0]LogConfig: Setting CVar [[r.HairStrands.SkyAO.SampleCount:4]]
[2021.12.15-17.58.24:067][  0]LogConfig: Setting CVar [[r.HairStrands.Visibility.MSAA.SamplePerPixel:4]]
[2021.12.15-17.58.24:067][  0]LogConfig: Applying CVar settings from Section [Startup] File [../../../Engine/Config/ConsoleVariables.ini]
[2021.12.15-17.58.24:067][  0]LogConfig: Setting CVar [[net.UseAdaptiveNetUpdateFrequency:0]]
[2021.12.15-17.58.24:067][  0]LogConfig: Setting CVar [[p.chaos.AllowCreatePhysxBodies:1]]
[2021.12.15-17.58.24:067][  0]LogConfig: Setting CVar [[fx.SkipVectorVMBackendOptimizations:1]]
[2021.12.15-17.58.24:067][  0]LogConfig: Applying CVar settings from Section [ConsoleVariables] File [E:/Documents/source/git/GameDev-FinalProject/Dungeons/Saved/Config/Windows/Engine.ini]
[2021.12.15-17.58.24:067][  0]LogConfig: Applying CVar settings from Section [ConsoleVariables] File [E:/Documents/source/git/GameDev-FinalProject/Dungeons/Saved/Config/Windows/Editor.ini]
[2021.12.15-17.58.24:067][  0]LogInit: Computer: DESKTOP-TOJ8S7L
[2021.12.15-17.58.24:067][  0]LogInit: User: User
[2021.12.15-17.58.24:067][  0]LogInit: CPU Page size=4096, Cores=6
[2021.12.15-17.58.24:067][  0]LogInit: High frequency timer resolution =10.000000 MHz
[2021.12.15-17.58.24:067][  0]LogMemory: Memory total: Physical=15.9GB (16GB approx)
[2021.12.15-17.58.24:067][  0]LogMemory: Platform Memory Stats for Windows
[2021.12.15-17.58.24:067][  0]LogMemory: Process Physical Memory: 148.87 MB used, 148.87 MB peak
[2021.12.15-17.58.24:067][  0]LogMemory: Process Virtual Memory: 126.25 MB used, 126.25 MB peak
[2021.12.15-17.58.24:067][  0]LogMemory: Physical Memory: 8603.75 MB used,  7647.30 MB free, 16251.05 MB total
[2021.12.15-17.58.24:067][  0]LogMemory: Virtual Memory: 134210304.00 MB used,  7425.45 MB free, 134217728.00 MB total
[2021.12.15-17.58.24:071][  0]LogWindows: WindowsPlatformFeatures enabled
[2021.12.15-17.58.24:108][  0]LogInit: Physics initialised using underlying interface: PhysX
[2021.12.15-17.58.24:109][  0]LogInit: Using OS detected language (en-US).
[2021.12.15-17.58.24:109][  0]LogInit: Using OS detected locale (en-US).
[2021.12.15-17.58.24:110][  0]LogTextLocalizationManager: No specific localization for 'en-US' exists, so the 'en' localization will be used.
[2021.12.15-17.58.24:260][  0]LogInit: Setting process to per monitor DPI aware
[2021.12.15-17.58.24:269][  0]LogWindowsTextInputMethodSystem: Display: IME system deactivated.
[2021.12.15-17.58.24:278][  0]LogSlate: New Slate User Created.  User Index 0, Is Virtual User: 0
[2021.12.15-17.58.24:278][  0]LogSlate: Slate User Registered.  User Index 0, Is Virtual User: 0
[2021.12.15-17.58.24:376][  0]LogD3D11RHI: Loaded GFSDK_Aftermath_Lib.x64.dll
[2021.12.15-17.58.24:378][  0]LogHMD: Failed to initialize OpenVR with code 110
[2021.12.15-17.58.24:379][  0]LogD3D11RHI: D3D11 min allowed feature level: 11_0
[2021.12.15-17.58.24:379][  0]LogD3D11RHI: D3D11 max allowed feature level: 11_0
[2021.12.15-17.58.24:379][  0]LogD3D11RHI: D3D11 adapters:
[2021.12.15-17.58.24:436][  0]LogD3D11RHI:    0. 'NVIDIA GeForce GT 730' (Feature Level 11_0)
[2021.12.15-17.58.24:436][  0]LogD3D11RHI:       2007/0/8125 MB DedicatedVideo/DedicatedSystem/SharedSystem, Outputs:1, VendorId:0x10de
[2021.12.15-17.58.24:438][  0]LogD3D11RHI:    1. 'Microsoft Basic Render Driver' (Feature Level 11_0)
[2021.12.15-17.58.24:438][  0]LogD3D11RHI:       0/0/8125 MB DedicatedVideo/DedicatedSystem/SharedSystem, Outputs:0, VendorId:0x1414
[2021.12.15-17.58.24:438][  0]LogD3D11RHI: Chosen D3D11 Adapter:
[2021.12.15-17.58.24:438][  0]LogD3D11RHI:     Description : NVIDIA GeForce GT 730
[2021.12.15-17.58.24:438][  0]LogD3D11RHI:     VendorId    : 10de
[2021.12.15-17.58.24:438][  0]LogD3D11RHI:     DeviceId    : 1287
[2021.12.15-17.58.24:438][  0]LogD3D11RHI:     SubSysId    : 82e9103c
[2021.12.15-17.58.24:438][  0]LogD3D11RHI:     Revision    : 00a1
[2021.12.15-17.58.24:438][  0]LogD3D11RHI:     DedicatedVideoMemory : 2104819712 bytes
[2021.12.15-17.58.24:438][  0]LogD3D11RHI:     DedicatedSystemMemory : 0 bytes
[2021.12.15-17.58.24:438][  0]LogD3D11RHI:     SharedSystemMemory : 8520232960 bytes
[2021.12.15-17.58.24:438][  0]LogD3D11RHI:     AdapterLuid : 0 70286
[2021.12.15-17.58.24:443][  0]LogD3D11RHI: Creating new Direct3DDevice
[2021.12.15-17.58.24:443][  0]LogD3D11RHI:     GPU DeviceId: 0x1287 (for the marketing name, search the web for "GPU Device Id")
[2021.12.15-17.58.24:443][  0]LogWindows: EnumDisplayDevices:
[2021.12.15-17.58.24:443][  0]LogWindows:    0. 'NVIDIA GeForce GT 730' (P:1 D:1)
[2021.12.15-17.58.24:443][  0]LogWindows:    1. 'NVIDIA GeForce GT 730' (P:0 D:0)
[2021.12.15-17.58.24:444][  0]LogWindows: DebugString: FoundDriverCount:2 
[2021.12.15-17.58.24:444][  0]LogD3D11RHI:     Adapter Name: NVIDIA GeForce GT 730
[2021.12.15-17.58.24:444][  0]LogD3D11RHI:   Driver Version: 472.12 (internal:30.0.14.7212, unified:472.12)
[2021.12.15-17.58.24:444][  0]LogD3D11RHI:      Driver Date: 9-13-2021
[2021.12.15-17.58.24:444][  0]LogRHI: Texture pool is 1405 MB (70% of 2007 MB)
[2021.12.15-17.58.24:444][  0]LogD3D11RHI: Creating D3DDevice using adapter:
[2021.12.15-17.58.24:444][  0]LogD3D11RHI:     Description : NVIDIA GeForce GT 730
[2021.12.15-17.58.24:444][  0]LogD3D11RHI:     VendorId    : 10de
[2021.12.15-17.58.24:444][  0]LogD3D11RHI:     DeviceId    : 1287
[2021.12.15-17.58.24:444][  0]LogD3D11RHI:     SubSysId    : 82e9103c
[2021.12.15-17.58.24:444][  0]LogD3D11RHI:     Revision    : 00a1
[2021.12.15-17.58.24:444][  0]LogD3D11RHI:     DedicatedVideoMemory : 2104819712 bytes
[2021.12.15-17.58.24:444][  0]LogD3D11RHI:     DedicatedSystemMemory : 0 bytes
[2021.12.15-17.58.24:444][  0]LogD3D11RHI:     SharedSystemMemory : 8520232960 bytes
[2021.12.15-17.58.24:444][  0]LogD3D11RHI:     AdapterLuid : 0 70286
[2021.12.15-17.58.24:487][  0]LogD3D11RHI: RHI does not have support for 64 bit atomics
[2021.12.15-17.58.24:487][  0]LogD3D11RHI: Async texture creation enabled
[2021.12.15-17.58.24:503][  0]LogD3D11RHI: GPU Timing Frequency: 1000.000000 (Debug: 2 1)
[2021.12.15-17.58.24:562][  0]LogRHI: GeForceNow SDK initialized: 1
[2021.12.15-17.58.24:815][  0]LogTargetPlatformManager: Display: Loaded TargetPlatform 'AllDesktop'
[2021.12.15-17.58.24:832][  0]LogTargetPlatformManager: Display: Loaded TargetPlatform 'Android'
[2021.12.15-17.58.24:832][  0]LogTargetPlatformManager: Display: Loaded TargetPlatform 'Android_ASTC'
[2021.12.15-17.58.24:832][  0]LogTargetPlatformManager: Display: Loaded TargetPlatform 'Android_DXT'
[2021.12.15-17.58.24:832][  0]LogTargetPlatformManager: Display: Loaded TargetPlatform 'Android_ETC2'
[2021.12.15-17.58.24:832][  0]LogTargetPlatformManager: Display: Loaded TargetPlatform 'AndroidClient'
[2021.12.15-17.58.24:832][  0]LogTargetPlatformManager: Display: Loaded TargetPlatform 'Android_ASTCClient'
[2021.12.15-17.58.24:832][  0]LogTargetPlatformManager: Display: Loaded TargetPlatform 'Android_DXTClient'
[2021.12.15-17.58.24:832][  0]LogTargetPlatformManager: Display: Loaded TargetPlatform 'Android_ETC2Client'
[2021.12.15-17.58.24:832][  0]LogTargetPlatformManager: Display: Loaded TargetPlatform 'Android_Multi'
[2021.12.15-17.58.24:832][  0]LogTargetPlatformManager: Display: Loaded TargetPlatform 'Android_MultiClient'
[2021.12.15-17.58.24:846][  0]LogTargetPlatformManager: Display: Loaded TargetPlatform 'IOSClient'
[2021.12.15-17.58.24:846][  0]LogTargetPlatformManager: Display: Loaded TargetPlatform 'IOS'
[2021.12.15-17.58.24:854][  0]LogTargetPlatformManager: Display: Loaded TargetPlatform 'Linux'
[2021.12.15-17.58.24:858][  0]LogTargetPlatformManager: Display: Loaded TargetPlatform 'LinuxNoEditor'
[2021.12.15-17.58.24:862][  0]LogTargetPlatformManager: Display: Loaded TargetPlatform 'LinuxClient'
[2021.12.15-17.58.24:865][  0]LogTargetPlatformManager: Display: Loaded TargetPlatform 'LinuxServer'
[2021.12.15-17.58.24:873][  0]LogTargetPlatformManager: Display: Loaded TargetPlatform 'LinuxAArch64NoEditor'
[2021.12.15-17.58.24:877][  0]LogTargetPlatformManager: Display: Loaded TargetPlatform 'LinuxAArch64Client'
[2021.12.15-17.58.24:881][  0]LogTargetPlatformManager: Display: Loaded TargetPlatform 'LinuxAArch64Server'
[2021.12.15-17.58.24:900][  0]LogTargetPlatformManager: Display: Loaded TargetPlatform 'Lumin'
[2021.12.15-17.58.24:900][  0]LogTargetPlatformManager: Display: Loaded TargetPlatform 'LuminClient'
[2021.12.15-17.58.24:907][  0]LogTargetPlatformManager: Display: Loaded TargetPlatform 'MacNoEditor'
[2021.12.15-17.58.24:911][  0]LogTargetPlatformManager: Display: Loaded TargetPlatform 'Mac'
[2021.12.15-17.58.24:915][  0]LogTargetPlatformManager: Display: Loaded TargetPlatform 'MacClient'
[2021.12.15-17.58.24:919][  0]LogTargetPlatformManager: Display: Loaded TargetPlatform 'MacServer'
[2021.12.15-17.58.24:927][  0]LogTargetPlatformManager: Display: Loaded TargetPlatform 'TVOSClient'
[2021.12.15-17.58.24:927][  0]LogTargetPlatformManager: Display: Loaded TargetPlatform 'TVOS'
[2021.12.15-17.58.24:934][  0]LogTargetPlatformManager: Display: Loaded TargetPlatform 'WindowsNoEditor'
[2021.12.15-17.58.24:938][  0]LogTargetPlatformManager: Display: Loaded TargetPlatform 'Windows'
[2021.12.15-17.58.24:942][  0]LogTargetPlatformManager: Display: Loaded TargetPlatform 'WindowsClient'
[2021.12.15-17.58.24:946][  0]LogTargetPlatformManager: Display: Loaded TargetPlatform 'WindowsServer'
[2021.12.15-17.58.24:946][  0]LogTargetPlatformManager: Display: Building Assets For Windows
[2021.12.15-17.58.24:953][  0]LogAudioDebug: Display: Lib vorbis DLL was dynamically loaded.
[2021.12.15-17.58.24:980][  0]LogTextureFormatOodle: Display: Oodle Texture 2.9.0 init RDO Off
[2021.12.15-17.58.25:009][  0]LogRendererCore: Ray tracing is disabled. Reason: r.RayTracing=0.
[2021.12.15-17.58.25:009][  0]LogShaderCompilers: Guid format shader working directory is -20 characters bigger than the processId version (../../../../../Documents/source/git/GameDev-FinalProject/Dungeons/Intermediate/Shaders/WorkingDirectory/8696/).
[2021.12.15-17.58.25:009][  0]LogShaderCompilers: Cleaned the shader compiler working directory 'C:/Users/User/AppData/Local/Temp/UnrealShaderWorkingDir/9763A5C94492F41B8D2B25909A7526A2/'.
[2021.12.15-17.58.25:009][  0]LogXGEController: Cannot use XGE Controller as Incredibuild is not installed on this machine.
[2021.12.15-17.58.25:009][  0]LogShaderCompilers: Cannot use XGE Shader Compiler as Incredibuild is not installed on this machine.
[2021.12.15-17.58.25:009][  0]LogShaderCompilers: Display: Using Local Shader Compiler.
[2021.12.15-17.58.25:660][  0]LogDerivedDataCache: Display: Max Cache Size: 512 MB
[2021.12.15-17.58.25:719][  0]LogDerivedDataCache: Loaded boot cache 0.06s 112MB C:/Users/User/AppData/Local/UnrealEngine/4.27/DerivedDataCache/Boot.ddc.
[2021.12.15-17.58.25:719][  0]LogDerivedDataCache: Display: Loaded Boot cache: C:/Users/User/AppData/Local/UnrealEngine/4.27/DerivedDataCache/Boot.ddc
[2021.12.15-17.58.25:720][  0]LogDerivedDataCache: FDerivedDataBackendGraph:  Pak pak cache file ../../../../../Documents/source/git/GameDev-FinalProject/Dungeons/DerivedDataCache/DDC.ddp not found, will not use a pak cache.
[2021.12.15-17.58.25:720][  0]LogDerivedDataCache: Unable to find inner node Pak for hierarchical cache Hierarchy.
[2021.12.15-17.58.25:720][  0]LogDerivedDataCache: FDerivedDataBackendGraph:  CompressedPak pak cache file ../../../../../Documents/source/git/GameDev-FinalProject/Dungeons/DerivedDataCache/Compressed.ddp not found, will not use a pak cache.
[2021.12.15-17.58.25:720][  0]LogDerivedDataCache: Unable to find inner node CompressedPak for hierarchical cache Hierarchy.
[2021.12.15-17.58.25:733][  0]LogDerivedDataCache: Display: Pak cache opened for reading ../../../Engine/DerivedDataCache/Compressed.ddp.
[2021.12.15-17.58.25:733][  0]LogDerivedDataCache: FDerivedDataBackendGraph:  EnterprisePak pak cache file ../../../Enterprise/DerivedDataCache/Compressed.ddp not found, will not use a pak cache.
[2021.12.15-17.58.25:733][  0]LogDerivedDataCache: Unable to find inner node EnterprisePak for hierarchical cache Hierarchy.
[2021.12.15-17.58.25:771][  0]LogDerivedDataCache: Speed tests for C:/Users/User/AppData/Local/UnrealEngine/Common/DerivedDataCache took 0.04 seconds
[2021.12.15-17.58.25:771][  0]LogDerivedDataCache: Display: Performance to C:/Users/User/AppData/Local/UnrealEngine/Common/DerivedDataCache: Latency=0.03ms. RandomReadSpeed=1362.58MBs, RandomWriteSpeed=24.71MBs. Assigned SpeedClass 'Local'
[2021.12.15-17.58.25:772][  0]LogDerivedDataCache: Using Local data cache path C:/Users/User/AppData/Local/UnrealEngine/Common/DerivedDataCache: Writable
[2021.12.15-17.58.25:772][  0]LogDerivedDataCache: Shared data cache path not found in *engine.ini, will not use an Shared cache.
[2021.12.15-17.58.25:772][  0]LogDerivedDataCache: Unable to find inner node Shared for hierarchical cache Hierarchy.
[2021.12.15-17.58.25:812][  0]LogSlate: Using FreeType 2.10.0
[2021.12.15-17.58.25:812][  0]LogSlate: SlateFontServices - WITH_FREETYPE: 1, WITH_HARFBUZZ: 1
[2021.12.15-17.58.25:834][  0]LogAssetRegistry: FAssetRegistry took 0.0022 seconds to start up
[2021.12.15-17.58.26:022][  0]LogInit: Selected Device Profile: [Windows]
[2021.12.15-17.58.26:022][  0]LogInit: Active device profile: [00000213019DD400][000002137D464640 49] Windows
[2021.12.15-17.58.26:022][  0]LogInit: Profiles: [00000213019DD400][000002137D464640 49] Windows, [00000213017F2A00][0000021300BDC7C0 49] WindowsNoEditor, [00000213016EBF00][0000021300BE8940 49] WindowsServer, [00000213019DC100][000002137D468A80 49] WindowsClient, [00000213017F3E00][0000021302002BC0 49] IOS, [00000213016E8200][0000021302006D00 49] iPadAir, [00000213017F0600][0000021300BF4E80 49] iPadAir2, [00000213016A8100][00000213762D5140 49] IPadPro, [00000213016A8200][00000213762D1180 49] iPadAir3, [00000213016E8100][00000213762D9300 49] iPadAir4, [00000213016AAD00][00000213762DD480 49] iPadMini2, [00000213016EBA00][00000213762E1600 49] iPadMini3, [00000213016A8F00][00000213762E5780 49] iPadMini4, [00000213017F0500][000002137DA3F900 49] iPadMini5, [00000213016A3A00][000002137DA47BC0 49] iPhone6, [00000213016A3B00][000002137DA43C00 49] iPodTouch6, [00000213016A9800][000002137DA4A340 49] iPhone7, [00000213016A9C00][0000021300BEC380 49] iPodTouch7, [00000213016A0300][000002137DA4E500 49] iPhone5S, [00000213016EB400][000002137F2B2680 49] iPhone6Plus, [00000213016A9000][000002137F2BA800 49] iPhone6S, [00000213016E8F00][000002137F2BE980 49] iPhone6SPlus, [00000213016A8B00][000002137F2C6B00 49] iPhone7Plus, [00000213016EB000][0000021300BF0C40 49] iPhoneSE, [00000213016ABF00][000002137F2CAD80 49] iPhone8, [00000213016EAE00][000002137F2CEEC0 49] iPhone8Plus, [00000213016A9A00][0000021300BB9040 49] iPhoneX, [00000213016E8300][0000021300BBD1C0 49] iPhoneXS, [00000213016A8700][0000021300BC1340 49] iPhoneXSMax, [00000213016EA700][0000021300BC54C0 49] iPhoneXR, [00000213016A9E00][0000021300BC9640 49] iPhone11, [00000213016EA000][0000021301CDF7C0 49] iPhone11Pro, [00000213016AA400][0000021301CE3940 49] iPhone11ProMax, [00000213016E9600][0000021301CE7AC0 49] iPhoneSE2, [00000213016A8600][00000213023B60C0 49] iPhone12Mini, [00000213016EA200][00000213023BA240 49] iPhone12, [00000213016AA600][00000213023BE3C0 49] iPhone12Pro, [00000213016E9100][0000021301D6E540 49] iPhone12ProMax, [00000213016A9B00][000002137D9EE6C0 49] iPadPro105, [00000213016E8400][000002137DA22840 49] iPadPro129, [00000213016A8C00][000002137DA269C0 49] iPadPro97, [00000213016E9800][000002137DA36B40 49] iPadPro2_129, [00000213016A9100][000002137DA3ACC0 49] iPad5, [00000213016EA600][0000021300BB4E00 49] iPad6, [00000213016AB900][00000213023FEF40 49] iPad7, [00000213016EAD00][0000021302403080 49] iPad8, [00000213016A9500][000002130240B1C0 49] iPadPro11, [00000213016E8800][0000021302413340 49] iPadPro2_11, [00000213016A8900][000002137F2AF4C0 49] iPadPro3_129, [00000213016E9900][000002137D38F640 49] iPadPro4_129, [00000213016AAE00][000002137F2257C0 49] AppleTV, [00000213016E8B00][000002137F229940 49] AppleTV4K, [00000213016A8E00][000002137F22DAC0 49] TVOS, [00000213016EA800][000002137F2300C0 49] Mac, [00000213016AA900][000002137F234240 49] MacClient, [00000213016EB700][000002137F2383C0 49] MacNoEditor, [00000213016ABD00][0000021302416540 49] MacServer, [00000213016E8500][00000213024066C0 49] Linux, [00000213016ABA00][000002137F23C840 49] LinuxAArch64, [00000213016E8700][000002137F2409C0 49] LinuxNoEditor, [00000213016AB000][0000021300AA4B40 49] LinuxAArch64NoEditor, [00000213016EBB00][0000021300AA8CC0 49] LinuxClient, [00000213016A9400][0000021300AACE40 49] LinuxAArch64Client, [00000213016EB800][000002130240EF80 49] LinuxServer, [00000213016AB700][000002137F2C30C0 49] LinuxAArch64Server, [00000213016EB500][000002130200B200 49] Android, [00000213016A9900][000002137F2B7340 49] Android_Low, [00000213019DD800][0000021300AB54C0 49] Android_Mid, [00000213016A1E00][0000021300AB9640 49] Android_High, [00000213019DDA00][0000021300ABD7C0 49] Android_Default, [00000213016A2000][0000021300AC1940 49] Android_Adreno4xx, [00000213019DEE00][0000021300AC5AC0 49] Android_Adreno5xx_Low, [00000213016A2300][00000213762800C0 49] Android_Adreno5xx, [00000213019DD600][0000021376284240 49] Android_Adreno6xx, [00000213016A1F00][00000213762883C0 49] Android_Adreno6xx_Vulkan, [00000213019DF400][000002137628C540 49] Android_Mali_T6xx, [00000213016A3E00][00000213762906C0 49] Android_Mali_T7xx, [00000213019DF700][0000021376294840 49] Android_Mali_T8xx, [00000213016A0400][00000213762989C0 49] Android_Mali_G71, [00000213019DC500][000002137629CB40 49] Android_Mali_G72, [00000213016A2400][00000213762A0CC0 49] Android_Mali_G72_Vulkan, [00000213019DE200][00000213762A4E40 49] Android_Mali_G76, [00000213016A1B00][0000021301CACFC0 49] Android_Mali_G76_Vulkan, [00000213019DCD00][0000021301CB1140 49] Android_Mali_G77, [00000213016A3900][0000021300AB1280 49] Android_Mali_G77_Vulkan, [00000213019DEB00][0000021301CB53C0 49] Android_Mali_G78, [00000213016A0900][0000021301CB9500 49] Android_Mali_G78_Vulkan, [00000213019DD700][0000021301CC1680 49] Android_Mali_G710, [00000213016A1800][0000021301CC5800 49] Android_Mali_G710_Vulkan, [00000213019DD300][0000021301CC9980 49] Android_Vulkan_SM5, [00000213016A0200][0000021301CCDB00 49] Android_PowerVR_G6xxx, [00000213019DCF00][0000021301CD0100 49] Android_PowerVR_GT7xxx, [00000213016AA700][0000021301CD4280 49] Android_PowerVR_GE8xxx, [00000213019DC600][0000021301CD8400 49] Android_PowerVR_GM9xxx, [00000213016AA000][000002137D352580 49] Android_PowerVR_GM9xxx_Vulkan, [00000213019DCE00][000002137D356700 49] Android_TegraK1, [00000213016AAB00][000002137D35A880 49] Android_Unknown_Vulkan, [00000213019DF600][000002137D35EA00 49] Lumin, [00000213016A9D00][000002137D362B80 49] Lumin_Desktop, [00000213019DE000][000002137D366D00 49] HoloLens, 
[2021.12.15-17.58.26:124][  0]LogMeshReduction: Using QuadricMeshReduction for automatic static mesh reduction
[2021.12.15-17.58.26:124][  0]LogMeshReduction: Using SimplygonMeshReduction for automatic skeletal mesh reduction
[2021.12.15-17.58.26:124][  0]LogMeshReduction: Using ProxyLODMeshReduction for automatic mesh merging
[2021.12.15-17.58.26:124][  0]LogMeshReduction: No distributed automatic mesh merging module available
[2021.12.15-17.58.26:124][  0]LogMeshMerging: No distributed automatic mesh merging module available
[2021.12.15-17.58.26:137][  0]LogNetVersion: Dungeons 1.0.0, NetCL: 17155196, EngineNetVer: 17, GameNetVer: 0 (Checksum: 836537853)
[2021.12.15-17.58.26:486][  0]LogTexture: Default maximum texture size for cubemaps generated from long-lat sources has been changed from 512 to unlimited. In order to preserve old behaiour for '/Engine/MapTemplates/Sky/DaylightAmbientCubemap.DaylightAmbientCubemap', its maximum texture size has been explicitly set to 512.
[2021.12.15-17.58.26:542][  0]LogHMD: PokeAHoleMaterial loaded successfully
[2021.12.15-17.58.26:549][  0]LogUObjectArray: 17178 objects as part of root set at end of initial load.
[2021.12.15-17.58.26:550][  0]LogUObjectAllocator: 4301856 out of 0 bytes used by permanent object pool.
[2021.12.15-17.58.26:550][  0]LogUObjectArray: CloseDisregardForGC: 0/0 objects in disregard for GC pool
[2021.12.15-17.58.26:809][  0]LogNiagaraDebuggerClient: Niagara Debugger Client Initialized | Session: 5EB4075F4B3A5A65F7907496F3DF9182 | Instance: 9EF0AD254B3E1A8C986628A56C6AC1C0 (DESKTOP-TOJ8S7L-8696).
[2021.12.15-17.58.26:838][  0]LogImageWrapper: Warning: PNG Warning: Duplicate iCCP chunk
[2021.12.15-17.58.26:838][  0]LogImageWrapper: Warning: PNG Warning: Duplicate iCCP chunk
[2021.12.15-17.58.26:838][  0]LogPython: Using Python 3.7.7
[2021.12.15-17.58.27:371][  0]LogTcpMessaging: Initializing TcpMessaging bridge
[2021.12.15-17.58.27:374][  0]LogUdpMessaging: Initializing bridge on interface 0.0.0.0:0 to multicast group 230.0.0.1:6666.
[2021.12.15-17.58.27:455][  0]SourceControl: Source control is disabled
[2021.12.15-17.58.27:456][  0]SourceControl: Source control is disabled
[2021.12.15-17.58.27:458][  0]SourceControl: Source control is disabled
[2021.12.15-17.58.27:460][  0]SourceControl: Source control is disabled
[2021.12.15-17.58.27:472][  0]LogUProjectInfo: Found projects:
[2021.12.15-17.58.27:484][  0]SourceControl: Source control is disabled
[2021.12.15-17.58.27:644][  0]LogOpenImageDenoise: OIDN starting up
[2021.12.15-17.58.27:678][  0]LogAndroidPermission: UAndroidPermissionCallbackProxy::GetInstance
[2021.12.15-17.58.27:698][  0]LogAudioCaptureCore: Display: No Audio Capture implementations found. Audio input will be silent.
[2021.12.15-17.58.27:698][  0]LogAudioCaptureCore: Display: No Audio Capture implementations found. Audio input will be silent.
[2021.12.15-17.58.27:848][  0]LogCollectionManager: Loaded 0 collections in 0.000613 seconds
[2021.12.15-17.58.27:871][  0]LogFileCache: Scanning file cache for directory 'E:/Documents/source/git/GameDev-FinalProject/Dungeons/Saved/Collections/' took 0.00s
[2021.12.15-17.58.27:871][  0]LogFileCache: Scanning file cache for directory 'E:/Documents/source/git/GameDev-FinalProject/Dungeons/Content/Developers/User/Collections/' took 0.00s
[2021.12.15-17.58.27:871][  0]LogFileCache: Scanning file cache for directory 'E:/Documents/source/git/GameDev-FinalProject/Dungeons/Content/Collections/' took 0.00s
[2021.12.15-17.58.27:871][  0]LogOcInput: OculusInput pre-init called
[2021.12.15-17.58.28:033][  0]LogImageWrapper: Warning: PNG Warning: Duplicate iCCP chunk
[2021.12.15-17.58.28:033][  0]LogImageWrapper: Warning: PNG Warning: Duplicate iCCP chunk
[2021.12.15-17.58.28:172][  0]LogImageWrapper: Warning: PNG Warning: Duplicate iCCP chunk
[2021.12.15-17.58.28:172][  0]LogImageWrapper: Warning: PNG Warning: Duplicate iCCP chunk
[2021.12.15-17.58.28:363][  0]LogImageWrapper: Warning: PNG Warning: Duplicate iCCP chunk
[2021.12.15-17.58.28:363][  0]LogImageWrapper: Warning: PNG Warning: Duplicate iCCP chunk
[2021.12.15-17.58.28:363][  0]LogClass: Display: Int8Property FMTSJson::version is not initialized properly. Module:MegascansPlugin File:Private/Utilities/MTSReader.h
[2021.12.15-17.58.28:363][  0]LogClass: Display: Int16Property FMTSJson::resolutionValue is not initialized properly. Module:MegascansPlugin File:Private/Utilities/MTSReader.h
[2021.12.15-17.58.28:363][  0]LogClass: Display: BoolProperty FMTSJson::isExternal is not initialized properly. Module:MegascansPlugin File:Private/Utilities/MTSReader.h
[2021.12.15-17.58.28:363][  0]LogClass: Display: Int8Property FMTSJson::meshVersion is not initialized properly. Module:MegascansPlugin File:Private/Utilities/MTSReader.h
[2021.12.15-17.58.28:363][  0]LogClass: Display: BoolProperty FMTSJson::isCustom is not initialized properly. Module:MegascansPlugin File:Private/Utilities/MTSReader.h
[2021.12.15-17.58.28:363][  0]LogClass: Display: BoolProperty FMTSJson::isModularAsset is not initialized properly. Module:MegascansPlugin File:Private/Utilities/MTSReader.h
[2021.12.15-17.58.28:363][  0]LogClass: Display: Int8Property FLodList::variation is not initialized properly. Module:MegascansPlugin File:Private/Utilities/MTSReader.h
[2021.12.15-17.58.28:363][  0]LogClass: Display: Int16Property FMeshList::resolution is not initialized properly. Module:MegascansPlugin File:Private/Utilities/MTSReader.h
[2021.12.15-17.58.28:363][  0]LogClass: Display: Int16Property FComponents::resolution is not initialized properly. Module:MegascansPlugin File:Private/Utilities/MTSReader.h
[2021.12.15-17.58.28:363][  0]LogClass: Display: BoolProperty FTextureSets::isUdim is not initialized properly. Module:MegascansPlugin File:Private/Utilities/MTSReader.h
[2021.12.15-17.58.28:363][  0]LogClass: Display: BoolProperty FMeta::value is not initialized properly. Module:MegascansPlugin File:Private/Utilities/MTSReader.h
[2021.12.15-17.58.28:363][  0]LogClass: Display: 11 Uninitialized script struct members found including 0 object properties
[2021.12.15-17.58.28:363][  0]LogAutomationTest: Warning: PNG Warning: Duplicate iCCP chunk
[2021.12.15-17.58.28:363][  0]LogAutomationTest: Warning: PNG Warning: Duplicate iCCP chunk
[2021.12.15-17.58.28:364][  0]LogEngine: Initializing Engine...
[2021.12.15-17.58.28:366][  0]LogHMD: Failed to enumerate extensions. Please check that you have a valid OpenXR runtime installed.
[2021.12.15-17.58.28:366][  0]LogHMD: Failed to initialize OpenVR with code 110
[2021.12.15-17.58.28:366][  0]LogMagicLeap: Warning: VR disabled because ZI is not enabled.  To enable, in the editor, Edit -> Project Settings -> Plugins -> Magic Leap Plugin -> Enable Zero Iteration
[2021.12.15-17.58.28:367][  0]LogStats: UGameplayTagsManager::InitializeManager -  0.000 s
[2021.12.15-17.58.28:482][  0]LogInit: Initializing FReadOnlyCVARCache
[2021.12.15-17.58.28:490][  0]LogAIModule: Creating AISystem for world Untitled
[2021.12.15-17.58.28:492][  0]LogAudio: Display: Initializing Audio Device Manager...
[2021.12.15-17.58.28:495][  0]LogAudio: Display: Loading Default Audio Settings Objects...
[2021.12.15-17.58.28:495][  0]LogAudio: Display: No default SoundConcurrencyObject specified (or failed to load).
[2021.12.15-17.58.28:496][  0]LogAudio: Display: Audio Device Manager Initialized
[2021.12.15-17.58.28:496][  0]LogAudio: Display: Creating Audio Device:                 Id: 1, Scope: Shared, Realtime: True
[2021.12.15-17.58.28:496][  0]LogAudioMixer: Display: Audio Mixer Platform Settings:
[2021.12.15-17.58.28:496][  0]LogAudioMixer: Display: 	Sample Rate:						  48000
[2021.12.15-17.58.28:496][  0]LogAudioMixer: Display: 	Callback Buffer Frame Size Requested: 1024
[2021.12.15-17.58.28:496][  0]LogAudioMixer: Display: 	Callback Buffer Frame Size To Use:	  1024
[2021.12.15-17.58.28:496][  0]LogAudioMixer: Display: 	Number of buffers to queue:			  2
[2021.12.15-17.58.28:496][  0]LogAudioMixer: Display: 	Max Channels (voices):				  32
[2021.12.15-17.58.28:496][  0]LogAudioMixer: Display: 	Number of Async Source Workers:		  0
[2021.12.15-17.58.28:496][  0]LogAudio: Display: AudioDevice MaxSources: 32
[2021.12.15-17.58.28:496][  0]LogAudio: Display: Audio Spatialization Plugin: None (built-in).
[2021.12.15-17.58.28:496][  0]LogAudio: Display: Audio Reverb Plugin: None (built-in).
[2021.12.15-17.58.28:496][  0]LogAudio: Display: Audio Occlusion Plugin: None (built-in).
[2021.12.15-17.58.28:496][  0]LogAudioMixer: Display: Initializing audio mixer.
[2021.12.15-17.58.28:505][  0]LogAudioMixer: Display: 0: FrontLeft
[2021.12.15-17.58.28:505][  0]LogAudioMixer: Display: 1: FrontRight
[2021.12.15-17.58.28:567][  0]LogAudioMixer: Display: Using Audio Device Speakers (Realtek High Definition Audio)
[2021.12.15-17.58.28:567][  0]LogAudioMixer: Display: Initializing Sound Submixes...
[2021.12.15-17.58.28:569][  0]LogAudioMixer: Display: Creating Master Submix 'MasterSubmixDefault'
[2021.12.15-17.58.28:569][  0]LogAudioMixer: Display: Creating Master Submix 'MasterReverbSubmixDefault'
[2021.12.15-17.58.28:569][  0]LogAudioMixer: Display: Creating Master Submix 'MasterEQSubmixDefault'
[2021.12.15-17.58.28:569][  0]LogAudioMixer: FMixerPlatformXAudio2::StartAudioStream() called
[2021.12.15-17.58.28:569][  0]LogAudioMixer: Display: Output buffers initialized: Frames=1024, Channels=2, Samples=2048
[2021.12.15-17.58.28:570][  0]LogAudioMixer: Display: Starting AudioMixerPlatformInterface::RunInternal()
[2021.12.15-17.58.28:570][  0]LogAudioMixer: Display: FMixerPlatformXAudio2::SubmitBuffer() called for the first time
[2021.12.15-17.58.28:570][  0]LogInit: FAudioDevice initialized.
[2021.12.15-17.58.28:570][  0]LogAudio: Display: Audio Device (ID: 1) registered with world 'Untitled'.
[2021.12.15-17.58.28:570][  0]LogNetVersion: Set ProjectVersion to 1.0.0.0. Version Checksum will be recalculated on next use.
[2021.12.15-17.58.28:842][  0]LogDerivedDataCache: Saved boot cache 0.27s 116MB C:/Users/User/AppData/Local/UnrealEngine/4.27/DerivedDataCache/Boot.ddc.
[2021.12.15-17.58.28:844][  0]LogInit: Texture streaming: Enabled
[2021.12.15-17.58.28:854][  0]LogAnalytics: Display: [UEEditor.Rocket.Release] APIServer = https://datarouter.ol.epicgames.com/. AppVersion = 4.27.1-17735300+++UE4+Release-4.27
[2021.12.15-17.58.28:859][  0]LogEngineSessionManager: EngineSessionManager initialized
[2021.12.15-17.58.28:859][  0]LogEditorSessionSummary: Verbose: Initializing EditorSessionSummaryWriter for editor session tracking
[2021.12.15-17.58.28:865][  0]LogEditorSessionSummary: EditorSessionSummaryWriter initialized
[2021.12.15-17.58.28:900][  0]LogInit: Transaction tracking system initialized
[2021.12.15-17.58.28:917][  0]BlueprintLog: New page: Editor Load
[2021.12.15-17.58.28:970][  0]LocalizationService: Localization service is disabled
[2021.12.15-17.58.28:996][  0]TimingProfiler: Initialize
[2021.12.15-17.58.28:996][  0]TimingProfiler: OnSessionChanged
[2021.12.15-17.58.28:996][  0]LoadingProfiler: Initialize
[2021.12.15-17.58.28:996][  0]LoadingProfiler: OnSessionChanged
[2021.12.15-17.58.28:996][  0]NetworkingProfiler: Initialize
[2021.12.15-17.58.28:996][  0]NetworkingProfiler: OnSessionChanged
[2021.12.15-17.58.28:996][  0]MemoryProfiler: Initialize
[2021.12.15-17.58.28:996][  0]MemoryProfiler: OnSessionChanged
[2021.12.15-17.58.29:122][  0]LogCook: Display: CookSettings for Memory: MemoryMaxUsedVirtual 0MiB, MemoryMaxUsedPhysical 16384MiB, MemoryMinFreeVirtual 0MiB, MemoryMinFreePhysical 1024MiB
[2021.12.15-17.58.29:122][  0]LogCook: Display: Mobile HDR setting 1
[2021.12.15-17.58.29:279][  0]LogFileCache: Scanning file cache for directory 'E:/Documents/source/git/GameDev-FinalProject/Dungeons/Content/' took 0.00s
[2021.12.15-17.58.29:392][  0]LogImageWrapper: Warning: PNG Warning: Duplicate iCCP chunk
[2021.12.15-17.58.29:392][  0]LogImageWrapper: Warning: PNG Warning: Duplicate iCCP chunk
[2021.12.15-17.58.29:438][  0]LogInit: Display: Engine is initialized. Leaving FEngineLoop::Init()
[2021.12.15-17.58.29:443][  0]SourceControl: Source control is disabled
[2021.12.15-17.58.29:443][  0]LogUnrealEdMisc: Loading editor; pre map load, took 6.254
[2021.12.15-17.58.29:443][  0]Cmd: MAP LOAD FILE="../../../../../Documents/source/git/GameDev-FinalProject/Dungeons/Content/ThirdPersonBP/Maps/ThirdPersonExampleMap.umap" TEMPLATE=0 SHOWPROGRESS=1 FEATURELEVEL=3
[2021.12.15-17.58.29:443][  0]LightingResults: New page: Lighting Build
[2021.12.15-17.58.29:444][  0]LogWorld: UWorld::CleanupWorld for Untitled, bSessionEnded=true, bCleanupResources=true
[2021.12.15-17.58.29:444][  0]LogSlate: InvalidateAllWidgets triggered.  All widgets were invalidated
[2021.12.15-17.58.29:444][  0]MapCheck: New page: Map Check
[2021.12.15-17.58.29:444][  0]LightingResults: New page: Lighting Build
[2021.12.15-17.58.29:448][  0]LogAudio: Display: Audio Device unregistered from world 'None'.
[2021.12.15-17.58.29:451][  0]LogUObjectHash: Compacting FUObjectHashTables data took   0.69ms
[2021.12.15-17.58.29:655][  0]LogAudio: Display: Audio Device (ID: 1) registered with world 'ThirdPersonExampleMap'.
[2021.12.15-17.58.29:656][  0]LogAIModule: Creating AISystem for world ThirdPersonExampleMap
[2021.12.15-17.58.29:660][  0]LogEditorServer: Finished looking for orphan Actors (0.000 secs)
[2021.12.15-17.58.29:666][  0]LogUObjectHash: Compacting FUObjectHashTables data took   0.77ms
[2021.12.15-17.58.29:667][  0]Cmd: MAP CHECKDEP NOCLEARLOG
[2021.12.15-17.58.29:667][  0]MapCheck: Map check complete: 0 Error(s), 0 Warning(s), took 0.09ms to complete.
[2021.12.15-17.58.29:667][  0]LogFileHelpers: Loading map 'ThirdPersonExampleMap' took 0.224
[2021.12.15-17.58.29:668][  0]LogUnrealEdMisc: Total Editor Startup Time, took 6.480
[2021.12.15-17.58.29:801][  0]LogSlate: Updating window title bar state: overlay mode, drag disabled, window buttons hidden, title bar hidden
[2021.12.15-17.58.29:806][  0]LogSlate: Updating window title bar state: overlay mode, drag disabled, window buttons hidden, title bar hidden
[2021.12.15-17.58.29:811][  0]LogSlate: Updating window title bar state: overlay mode, drag disabled, window buttons hidden, title bar hidden
[2021.12.15-17.58.29:816][  0]LogSlate: Updating window title bar state: overlay mode, drag disabled, window buttons hidden, title bar hidden
[2021.12.15-17.58.29:829][  0]LogNativeClassHierarchy: Verbose: Native class hierarchy populated in 0.0079 seconds. Added 3833 classes and 935 folders.
[2021.12.15-17.58.29:831][  0]LogNativeClassHierarchy: Verbose: Native class hierarchy updated for 'WidgetCarousel' in 0.0002 seconds. Added 0 classes and 0 folders.
[2021.12.15-17.58.29:832][  0]LogPakFile: PakFile PrimaryIndexSize=187
[2021.12.15-17.58.29:832][  0]LogPakFile: PakFile PathHashIndexSize=101
[2021.12.15-17.58.29:832][  0]LogPakFile: PakFile FullDirectoryIndexSize=148
[2021.12.15-17.58.29:832][  0]LogShaderLibrary: Display: ShaderCodeLibraryPakFileMountedCallback: PakFile 'E:/Epic Games/UE_4.27/FeaturePacks/FP_FirstPerson.upack' (chunk index -1, root 'root:/') mounted
[2021.12.15-17.58.29:832][  0]LogShaderLibrary: Display: ShaderCodeLibraryPakFileMountedCallback: pending pak file info (ChunkID:-1 Root:root:/ File:E:/Epic Games/UE_4.27/FeaturePacks/FP_FirstPerson.upack)
[2021.12.15-17.58.29:832][  0]LogPakFile: OnPakFileMounted2Time == 0.000049
[2021.12.15-17.58.29:832][  0]LogPakFile: PakFile PrimaryIndexSize=189
[2021.12.15-17.58.29:832][  0]LogPakFile: PakFile PathHashIndexSize=101
[2021.12.15-17.58.29:832][  0]LogPakFile: PakFile FullDirectoryIndexSize=152
[2021.12.15-17.58.29:833][  0]LogShaderLibrary: Display: ShaderCodeLibraryPakFileMountedCallback: PakFile 'E:/Epic Games/UE_4.27/FeaturePacks/FP_FirstPersonBP.upack' (chunk index -1, root 'root:/') mounted
[2021.12.15-17.58.29:833][  0]LogShaderLibrary: Display: ShaderCodeLibraryPakFileMountedCallback: pending pak file info (ChunkID:-1 Root:root:/ File:E:/Epic Games/UE_4.27/FeaturePacks/FP_FirstPersonBP.upack)
[2021.12.15-17.58.29:833][  0]LogPakFile: OnPakFileMounted2Time == 0.000034
[2021.12.15-17.58.29:833][  0]LogPakFile: PakFile PrimaryIndexSize=191
[2021.12.15-17.58.29:833][  0]LogPakFile: PakFile PathHashIndexSize=101
[2021.12.15-17.58.29:833][  0]LogPakFile: PakFile FullDirectoryIndexSize=160
[2021.12.15-17.58.29:833][  0]LogShaderLibrary: Display: ShaderCodeLibraryPakFileMountedCallback: PakFile 'E:/Epic Games/UE_4.27/FeaturePacks/MobileStarterContent.upack' (chunk index -1, root 'root:/') mounted
[2021.12.15-17.58.29:833][  0]LogShaderLibrary: Display: ShaderCodeLibraryPakFileMountedCallback: pending pak file info (ChunkID:-1 Root:root:/ File:E:/Epic Games/UE_4.27/FeaturePacks/MobileStarterContent.upack)
[2021.12.15-17.58.29:833][  0]LogPakFile: OnPakFileMounted2Time == 0.000029
[2021.12.15-17.58.29:833][  0]LogPakFile: PakFile PrimaryIndexSize=185
[2021.12.15-17.58.29:833][  0]LogPakFile: PakFile PathHashIndexSize=101
[2021.12.15-17.58.29:833][  0]LogPakFile: PakFile FullDirectoryIndexSize=148
[2021.12.15-17.58.29:833][  0]LogShaderLibrary: Display: ShaderCodeLibraryPakFileMountedCallback: PakFile 'E:/Epic Games/UE_4.27/FeaturePacks/StarterContent.upack' (chunk index -1, root 'root:/') mounted
[2021.12.15-17.58.29:833][  0]LogShaderLibrary: Display: ShaderCodeLibraryPakFileMountedCallback: pending pak file info (ChunkID:-1 Root:root:/ File:E:/Epic Games/UE_4.27/FeaturePacks/StarterContent.upack)
[2021.12.15-17.58.29:833][  0]LogPakFile: OnPakFileMounted2Time == 0.000030
[2021.12.15-17.58.29:834][  0]LogPakFile: PakFile PrimaryIndexSize=190
[2021.12.15-17.58.29:834][  0]LogPakFile: PakFile PathHashIndexSize=101
[2021.12.15-17.58.29:834][  0]LogPakFile: PakFile FullDirectoryIndexSize=154
[2021.12.15-17.58.29:834][  0]LogShaderLibrary: Display: ShaderCodeLibraryPakFileMountedCallback: PakFile 'E:/Epic Games/UE_4.27/FeaturePacks/TP_2DSideScroller.upack' (chunk index -1, root 'root:/') mounted
[2021.12.15-17.58.29:834][  0]LogShaderLibrary: Display: ShaderCodeLibraryPakFileMountedCallback: pending pak file info (ChunkID:-1 Root:root:/ File:E:/Epic Games/UE_4.27/FeaturePacks/TP_2DSideScroller.upack)
[2021.12.15-17.58.29:834][  0]LogPakFile: OnPakFileMounted2Time == 0.000029
[2021.12.15-17.58.29:834][  0]LogPakFile: PakFile PrimaryIndexSize=192
[2021.12.15-17.58.29:834][  0]LogPakFile: PakFile PathHashIndexSize=101
[2021.12.15-17.58.29:834][  0]LogPakFile: PakFile FullDirectoryIndexSize=158
[2021.12.15-17.58.29:834][  0]LogShaderLibrary: Display: ShaderCodeLibraryPakFileMountedCallback: PakFile 'E:/Epic Games/UE_4.27/FeaturePacks/TP_2DSideScrollerBP.upack' (chunk index -1, root 'root:/') mounted
[2021.12.15-17.58.29:834][  0]LogShaderLibrary: Display: ShaderCodeLibraryPakFileMountedCallback: pending pak file info (ChunkID:-1 Root:root:/ File:E:/Epic Games/UE_4.27/FeaturePacks/TP_2DSideScrollerBP.upack)
[2021.12.15-17.58.29:834][  0]LogPakFile: OnPakFileMounted2Time == 0.000029
[2021.12.15-17.58.29:834][  0]LogPakFile: PakFile PrimaryIndexSize=182
[2021.12.15-17.58.29:835][  0]LogPakFile: PakFile PathHashIndexSize=101
[2021.12.15-17.58.29:835][  0]LogPakFile: PakFile FullDirectoryIndexSize=138
[2021.12.15-17.58.29:835][  0]LogShaderLibrary: Display: ShaderCodeLibraryPakFileMountedCallback: PakFile 'E:/Epic Games/UE_4.27/FeaturePacks/TP_Flying.upack' (chunk index -1, root 'root:/') mounted
[2021.12.15-17.58.29:835][  0]LogShaderLibrary: Display: ShaderCodeLibraryPakFileMountedCallback: pending pak file info (ChunkID:-1 Root:root:/ File:E:/Epic Games/UE_4.27/FeaturePacks/TP_Flying.upack)
[2021.12.15-17.58.29:835][  0]LogPakFile: OnPakFileMounted2Time == 0.000028
[2021.12.15-17.58.29:835][  0]LogPakFile: PakFile PrimaryIndexSize=184
[2021.12.15-17.58.29:835][  0]LogPakFile: PakFile PathHashIndexSize=101
[2021.12.15-17.58.29:835][  0]LogPakFile: PakFile FullDirectoryIndexSize=142
[2021.12.15-17.58.29:835][  0]LogShaderLibrary: Display: ShaderCodeLibraryPakFileMountedCallback: PakFile 'E:/Epic Games/UE_4.27/FeaturePacks/TP_FlyingBP.upack' (chunk index -1, root 'root:/') mounted
[2021.12.15-17.58.29:835][  0]LogShaderLibrary: Display: ShaderCodeLibraryPakFileMountedCallback: pending pak file info (ChunkID:-1 Root:root:/ File:E:/Epic Games/UE_4.27/FeaturePacks/TP_FlyingBP.upack)
[2021.12.15-17.58.29:835][  0]LogPakFile: OnPakFileMounted2Time == 0.000028
[2021.12.15-17.58.29:835][  0]LogPakFile: PakFile PrimaryIndexSize=188
[2021.12.15-17.58.29:835][  0]LogPakFile: PakFile PathHashIndexSize=101
[2021.12.15-17.58.29:835][  0]LogPakFile: PakFile FullDirectoryIndexSize=150
[2021.12.15-17.58.29:835][  0]LogShaderLibrary: Display: ShaderCodeLibraryPakFileMountedCallback: PakFile 'E:/Epic Games/UE_4.27/FeaturePacks/TP_HandheldARBP.upack' (chunk index -1, root 'root:/') mounted
[2021.12.15-17.58.29:835][  0]LogShaderLibrary: Display: ShaderCodeLibraryPakFileMountedCallback: pending pak file info (ChunkID:-1 Root:root:/ File:E:/Epic Games/UE_4.27/FeaturePacks/TP_HandheldARBP.upack)
[2021.12.15-17.58.29:835][  0]LogPakFile: OnPakFileMounted2Time == 0.000029
[2021.12.15-17.58.29:836][  0]LogPakFile: PakFile PrimaryIndexSize=182
[2021.12.15-17.58.29:836][  0]LogPakFile: PakFile PathHashIndexSize=101
[2021.12.15-17.58.29:836][  0]LogPakFile: PakFile FullDirectoryIndexSize=138
[2021.12.15-17.58.29:836][  0]LogShaderLibrary: Display: ShaderCodeLibraryPakFileMountedCallback: PakFile 'E:/Epic Games/UE_4.27/FeaturePacks/TP_Puzzle.upack' (chunk index -1, root 'root:/') mounted
[2021.12.15-17.58.29:836][  0]LogShaderLibrary: Display: ShaderCodeLibraryPakFileMountedCallback: pending pak file info (ChunkID:-1 Root:root:/ File:E:/Epic Games/UE_4.27/FeaturePacks/TP_Puzzle.upack)
[2021.12.15-17.58.29:836][  0]LogPakFile: OnPakFileMounted2Time == 0.000101
[2021.12.15-17.58.29:837][  0]LogPakFile: PakFile PrimaryIndexSize=184
[2021.12.15-17.58.29:837][  0]LogPakFile: PakFile PathHashIndexSize=101
[2021.12.15-17.58.29:837][  0]LogPakFile: PakFile FullDirectoryIndexSize=142
[2021.12.15-17.58.29:837][  0]LogShaderLibrary: Display: ShaderCodeLibraryPakFileMountedCallback: PakFile 'E:/Epic Games/UE_4.27/FeaturePacks/TP_PuzzleBP.upack' (chunk index -1, root 'root:/') mounted
[2021.12.15-17.58.29:837][  0]LogShaderLibrary: Display: ShaderCodeLibraryPakFileMountedCallback: pending pak file info (ChunkID:-1 Root:root:/ File:E:/Epic Games/UE_4.27/FeaturePacks/TP_PuzzleBP.upack)
[2021.12.15-17.58.29:837][  0]LogPakFile: OnPakFileMounted2Time == 0.000029
[2021.12.15-17.58.29:837][  0]LogPakFile: PakFile PrimaryIndexSize=183
[2021.12.15-17.58.29:837][  0]LogPakFile: PakFile PathHashIndexSize=101
[2021.12.15-17.58.29:837][  0]LogPakFile: PakFile FullDirectoryIndexSize=140
[2021.12.15-17.58.29:837][  0]LogShaderLibrary: Display: ShaderCodeLibraryPakFileMountedCallback: PakFile 'E:/Epic Games/UE_4.27/FeaturePacks/TP_Rolling.upack' (chunk index -1, root 'root:/') mounted
[2021.12.15-17.58.29:837][  0]LogShaderLibrary: Display: ShaderCodeLibraryPakFileMountedCallback: pending pak file info (ChunkID:-1 Root:root:/ File:E:/Epic Games/UE_4.27/FeaturePacks/TP_Rolling.upack)
[2021.12.15-17.58.29:837][  0]LogPakFile: OnPakFileMounted2Time == 0.000028
[2021.12.15-17.58.29:837][  0]LogPakFile: PakFile PrimaryIndexSize=185
[2021.12.15-17.58.29:837][  0]LogPakFile: PakFile PathHashIndexSize=101
[2021.12.15-17.58.29:837][  0]LogPakFile: PakFile FullDirectoryIndexSize=144
[2021.12.15-17.58.29:837][  0]LogShaderLibrary: Display: ShaderCodeLibraryPakFileMountedCallback: PakFile 'E:/Epic Games/UE_4.27/FeaturePacks/TP_RollingBP.upack' (chunk index -1, root 'root:/') mounted
[2021.12.15-17.58.29:838][  0]LogShaderLibrary: Display: ShaderCodeLibraryPakFileMountedCallback: pending pak file info (ChunkID:-1 Root:root:/ File:E:/Epic Games/UE_4.27/FeaturePacks/TP_RollingBP.upack)
[2021.12.15-17.58.29:838][  0]LogPakFile: OnPakFileMounted2Time == 0.000035
[2021.12.15-17.58.29:838][  0]LogPakFile: PakFile PrimaryIndexSize=188
[2021.12.15-17.58.29:838][  0]LogPakFile: PakFile PathHashIndexSize=101
[2021.12.15-17.58.29:838][  0]LogPakFile: PakFile FullDirectoryIndexSize=150
[2021.12.15-17.58.29:838][  0]LogShaderLibrary: Display: ShaderCodeLibraryPakFileMountedCallback: PakFile 'E:/Epic Games/UE_4.27/FeaturePacks/TP_SideScroller.upack' (chunk index -1, root 'root:/') mounted
[2021.12.15-17.58.29:838][  0]LogShaderLibrary: Display: ShaderCodeLibraryPakFileMountedCallback: pending pak file info (ChunkID:-1 Root:root:/ File:E:/Epic Games/UE_4.27/FeaturePacks/TP_SideScroller.upack)
[2021.12.15-17.58.29:838][  0]LogPakFile: OnPakFileMounted2Time == 0.000029
[2021.12.15-17.58.29:838][  0]LogPakFile: PakFile PrimaryIndexSize=190
[2021.12.15-17.58.29:838][  0]LogPakFile: PakFile PathHashIndexSize=101
[2021.12.15-17.58.29:838][  0]LogPakFile: PakFile FullDirectoryIndexSize=154
[2021.12.15-17.58.29:838][  0]LogShaderLibrary: Display: ShaderCodeLibraryPakFileMountedCallback: PakFile 'E:/Epic Games/UE_4.27/FeaturePacks/TP_SideScrollerBP.upack' (chunk index -1, root 'root:/') mounted
[2021.12.15-17.58.29:838][  0]LogShaderLibrary: Display: ShaderCodeLibraryPakFileMountedCallback: pending pak file info (ChunkID:-1 Root:root:/ File:E:/Epic Games/UE_4.27/FeaturePacks/TP_SideScrollerBP.upack)
[2021.12.15-17.58.29:838][  0]LogPakFile: OnPakFileMounted2Time == 0.000029
[2021.12.15-17.58.29:839][  0]LogPakFile: PakFile PrimaryIndexSize=187
[2021.12.15-17.58.29:839][  0]LogPakFile: PakFile PathHashIndexSize=101
[2021.12.15-17.58.29:839][  0]LogPakFile: PakFile FullDirectoryIndexSize=148
[2021.12.15-17.58.29:839][  0]LogShaderLibrary: Display: ShaderCodeLibraryPakFileMountedCallback: PakFile 'E:/Epic Games/UE_4.27/FeaturePacks/TP_ThirdPerson.upack' (chunk index -1, root 'root:/') mounted
[2021.12.15-17.58.29:839][  0]LogShaderLibrary: Display: ShaderCodeLibraryPakFileMountedCallback: pending pak file info (ChunkID:-1 Root:root:/ File:E:/Epic Games/UE_4.27/FeaturePacks/TP_ThirdPerson.upack)
[2021.12.15-17.58.29:839][  0]LogPakFile: OnPakFileMounted2Time == 0.000028
[2021.12.15-17.58.29:839][  0]LogPakFile: PakFile PrimaryIndexSize=189
[2021.12.15-17.58.29:839][  0]LogPakFile: PakFile PathHashIndexSize=101
[2021.12.15-17.58.29:839][  0]LogPakFile: PakFile FullDirectoryIndexSize=152
[2021.12.15-17.58.29:839][  0]LogShaderLibrary: Display: ShaderCodeLibraryPakFileMountedCallback: PakFile 'E:/Epic Games/UE_4.27/FeaturePacks/TP_ThirdPersonBP.upack' (chunk index -1, root 'root:/') mounted
[2021.12.15-17.58.29:839][  0]LogShaderLibrary: Display: ShaderCodeLibraryPakFileMountedCallback: pending pak file info (ChunkID:-1 Root:root:/ File:E:/Epic Games/UE_4.27/FeaturePacks/TP_ThirdPersonBP.upack)
[2021.12.15-17.58.29:839][  0]LogPakFile: OnPakFileMounted2Time == 0.000028
[2021.12.15-17.58.29:839][  0]LogPakFile: PakFile PrimaryIndexSize=183
[2021.12.15-17.58.29:839][  0]LogPakFile: PakFile PathHashIndexSize=101
[2021.12.15-17.58.29:839][  0]LogPakFile: PakFile FullDirectoryIndexSize=140
[2021.12.15-17.58.29:839][  0]LogShaderLibrary: Display: ShaderCodeLibraryPakFileMountedCallback: PakFile 'E:/Epic Games/UE_4.27/FeaturePacks/TP_TopDown.upack' (chunk index -1, root 'root:/') mounted
[2021.12.15-17.58.29:840][  0]LogShaderLibrary: Display: ShaderCodeLibraryPakFileMountedCallback: pending pak file info (ChunkID:-1 Root:root:/ File:E:/Epic Games/UE_4.27/FeaturePacks/TP_TopDown.upack)
[2021.12.15-17.58.29:840][  0]LogPakFile: OnPakFileMounted2Time == 0.000039
[2021.12.15-17.58.29:840][  0]LogPakFile: PakFile PrimaryIndexSize=185
[2021.12.15-17.58.29:840][  0]LogPakFile: PakFile PathHashIndexSize=101
[2021.12.15-17.58.29:840][  0]LogPakFile: PakFile FullDirectoryIndexSize=144
[2021.12.15-17.58.29:840][  0]LogShaderLibrary: Display: ShaderCodeLibraryPakFileMountedCallback: PakFile 'E:/Epic Games/UE_4.27/FeaturePacks/TP_TopDownBP.upack' (chunk index -1, root 'root:/') mounted
[2021.12.15-17.58.29:840][  0]LogShaderLibrary: Display: ShaderCodeLibraryPakFileMountedCallback: pending pak file info (ChunkID:-1 Root:root:/ File:E:/Epic Games/UE_4.27/FeaturePacks/TP_TopDownBP.upack)
[2021.12.15-17.58.29:840][  0]LogPakFile: OnPakFileMounted2Time == 0.000031
[2021.12.15-17.58.29:840][  0]LogPakFile: PakFile PrimaryIndexSize=185
[2021.12.15-17.58.29:840][  0]LogPakFile: PakFile PathHashIndexSize=101
[2021.12.15-17.58.29:840][  0]LogPakFile: PakFile FullDirectoryIndexSize=144
[2021.12.15-17.58.29:840][  0]LogShaderLibrary: Display: ShaderCodeLibraryPakFileMountedCallback: PakFile 'E:/Epic Games/UE_4.27/FeaturePacks/TP_TwinStick.upack' (chunk index -1, root 'root:/') mounted
[2021.12.15-17.58.29:840][  0]LogShaderLibrary: Display: ShaderCodeLibraryPakFileMountedCallback: pending pak file info (ChunkID:-1 Root:root:/ File:E:/Epic Games/UE_4.27/FeaturePacks/TP_TwinStick.upack)
[2021.12.15-17.58.29:840][  0]LogPakFile: OnPakFileMounted2Time == 0.000029
[2021.12.15-17.58.29:841][  0]LogPakFile: PakFile PrimaryIndexSize=187
[2021.12.15-17.58.29:841][  0]LogPakFile: PakFile PathHashIndexSize=101
[2021.12.15-17.58.29:841][  0]LogPakFile: PakFile FullDirectoryIndexSize=148
[2021.12.15-17.58.29:841][  0]LogShaderLibrary: Display: ShaderCodeLibraryPakFileMountedCallback: PakFile 'E:/Epic Games/UE_4.27/FeaturePacks/TP_TwinStickBP.upack' (chunk index -1, root 'root:/') mounted
[2021.12.15-17.58.29:841][  0]LogShaderLibrary: Display: ShaderCodeLibraryPakFileMountedCallback: pending pak file info (ChunkID:-1 Root:root:/ File:E:/Epic Games/UE_4.27/FeaturePacks/TP_TwinStickBP.upack)
[2021.12.15-17.58.29:841][  0]LogPakFile: OnPakFileMounted2Time == 0.000029
[2021.12.15-17.58.29:841][  0]LogPakFile: PakFile PrimaryIndexSize=183
[2021.12.15-17.58.29:841][  0]LogPakFile: PakFile PathHashIndexSize=101
[2021.12.15-17.58.29:841][  0]LogPakFile: PakFile FullDirectoryIndexSize=140
[2021.12.15-17.58.29:841][  0]LogShaderLibrary: Display: ShaderCodeLibraryPakFileMountedCallback: PakFile 'E:/Epic Games/UE_4.27/FeaturePacks/TP_Vehicle.upack' (chunk index -1, root 'root:/') mounted
[2021.12.15-17.58.29:841][  0]LogShaderLibrary: Display: ShaderCodeLibraryPakFileMountedCallback: pending pak file info (ChunkID:-1 Root:root:/ File:E:/Epic Games/UE_4.27/FeaturePacks/TP_Vehicle.upack)
[2021.12.15-17.58.29:841][  0]LogPakFile: OnPakFileMounted2Time == 0.000029
[2021.12.15-17.58.29:841][  0]LogPakFile: PakFile PrimaryIndexSize=186
[2021.12.15-17.58.29:841][  0]LogPakFile: PakFile PathHashIndexSize=101
[2021.12.15-17.58.29:841][  0]LogPakFile: PakFile FullDirectoryIndexSize=146
[2021.12.15-17.58.29:841][  0]LogShaderLibrary: Display: ShaderCodeLibraryPakFileMountedCallback: PakFile 'E:/Epic Games/UE_4.27/FeaturePacks/TP_VehicleAdv.upack' (chunk index -1, root 'root:/') mounted
[2021.12.15-17.58.29:842][  0]LogShaderLibrary: Display: ShaderCodeLibraryPakFileMountedCallback: pending pak file info (ChunkID:-1 Root:root:/ File:E:/Epic Games/UE_4.27/FeaturePacks/TP_VehicleAdv.upack)
[2021.12.15-17.58.29:842][  0]LogPakFile: OnPakFileMounted2Time == 0.000038
[2021.12.15-17.58.29:842][  0]LogPakFile: PakFile PrimaryIndexSize=188
[2021.12.15-17.58.29:842][  0]LogPakFile: PakFile PathHashIndexSize=101
[2021.12.15-17.58.29:842][  0]LogPakFile: PakFile FullDirectoryIndexSize=150
[2021.12.15-17.58.29:842][  0]LogShaderLibrary: Display: ShaderCodeLibraryPakFileMountedCallback: PakFile 'E:/Epic Games/UE_4.27/FeaturePacks/TP_VehicleAdvBP.upack' (chunk index -1, root 'root:/') mounted
[2021.12.15-17.58.29:842][  0]LogShaderLibrary: Display: ShaderCodeLibraryPakFileMountedCallback: pending pak file info (ChunkID:-1 Root:root:/ File:E:/Epic Games/UE_4.27/FeaturePacks/TP_VehicleAdvBP.upack)
[2021.12.15-17.58.29:842][  0]LogPakFile: OnPakFileMounted2Time == 0.000030
[2021.12.15-17.58.29:842][  0]LogPakFile: PakFile PrimaryIndexSize=185
[2021.12.15-17.58.29:842][  0]LogPakFile: PakFile PathHashIndexSize=101
[2021.12.15-17.58.29:842][  0]LogPakFile: PakFile FullDirectoryIndexSize=144
[2021.12.15-17.58.29:842][  0]LogShaderLibrary: Display: ShaderCodeLibraryPakFileMountedCallback: PakFile 'E:/Epic Games/UE_4.27/FeaturePacks/TP_VehicleBP.upack' (chunk index -1, root 'root:/') mounted
[2021.12.15-17.58.29:842][  0]LogShaderLibrary: Display: ShaderCodeLibraryPakFileMountedCallback: pending pak file info (ChunkID:-1 Root:root:/ File:E:/Epic Games/UE_4.27/FeaturePacks/TP_VehicleBP.upack)
[2021.12.15-17.58.29:842][  0]LogPakFile: OnPakFileMounted2Time == 0.000028
[2021.12.15-17.58.29:843][  0]LogPakFile: PakFile PrimaryIndexSize=192
[2021.12.15-17.58.29:843][  0]LogPakFile: PakFile PathHashIndexSize=101
[2021.12.15-17.58.29:843][  0]LogPakFile: PakFile FullDirectoryIndexSize=158
[2021.12.15-17.58.29:843][  0]LogShaderLibrary: Display: ShaderCodeLibraryPakFileMountedCallback: PakFile 'E:/Epic Games/UE_4.27/FeaturePacks/TP_VirtualRealityBP.upack' (chunk index -1, root 'root:/') mounted
[2021.12.15-17.58.29:843][  0]LogShaderLibrary: Display: ShaderCodeLibraryPakFileMountedCallback: pending pak file info (ChunkID:-1 Root:root:/ File:E:/Epic Games/UE_4.27/FeaturePacks/TP_VirtualRealityBP.upack)
[2021.12.15-17.58.29:843][  0]LogPakFile: OnPakFileMounted2Time == 0.000029
[2021.12.15-17.58.29:882][  0]LogNativeClassHierarchy: Verbose: Native class hierarchy updated for 'AddContentDialog' in 0.0003 seconds. Added 0 classes and 0 folders.
[2021.12.15-17.58.29:934][  0]LogNativeClassHierarchy: Verbose: Native class hierarchy updated for 'SceneOutliner' in 0.0003 seconds. Added 2 classes and 0 folders.
[2021.12.15-17.58.29:978][  0]LogSlate: Took 0.000133 seconds to synchronously load lazily loaded font '../../../Engine/Content/Slate/Fonts/Roboto-Regular.ttf' (155K)
[2021.12.15-17.58.29:979][  0]LogSlate: Took 0.000122 seconds to synchronously load lazily loaded font '../../../Engine/Content/Editor/Slate/Fonts/FontAwesome.ttf' (139K)
[2021.12.15-17.58.29:981][  0]LogSlate: Took 0.000162 seconds to synchronously load lazily loaded font '../../../Engine/Content/Slate/Fonts/Roboto-Bold.ttf' (160K)
[2021.12.15-17.58.30:048][  0]LogRenderer: Reallocating scene render targets to support 988x352 Format 10 NumSamples 1 (Frame:1).
[2021.12.15-17.58.30:122][  0]LogNativeClassHierarchy: Verbose: Native class hierarchy updated for 'HierarchicalLODOutliner' in 0.0002 seconds. Added 0 classes and 0 folders.
[2021.12.15-17.58.30:122][  0]LogInput: Warning: Action Jump uses invalid key OculusGo_Left_Trigger_Click.
[2021.12.15-17.58.30:122][  0]LogInput: Warning: Action ResetVR uses invalid key OculusGo_Left_Trackpad_Click.
[2021.12.15-17.58.30:122][  0]LogInput: Warning: Use -RemoveInvalidKeys to remove instances of these keys from the action mapping.
[2021.12.15-17.58.30:122][  0]LogLoad: (Engine Initialization) Total time: 6.93 seconds
[2021.12.15-17.58.30:122][  0]LogLoad: (Engine Initialization) Total Blueprint compile time: 0.00 seconds
[2021.12.15-17.58.30:159][  0]LogAssetRegistry: Asset discovery search completed in 4.3259 seconds
[2021.12.15-17.58.30:163][  0]LogCollectionManager: Fixed up redirectors for 0 collections in 0.000003 seconds (updated 0 objects)
[2021.12.15-17.58.30:165][  0]LogContentStreaming: Texture pool size now 1000 MB
[2021.12.15-17.58.30:396][  3]LogSlate: Took 0.001792 seconds to synchronously load lazily loaded font '../../../Engine/Content/Slate/Fonts/Roboto-Light.ttf' (167K)
[2021.12.15-17.58.37:325][179]LogUObjectHash: Compacting FUObjectHashTables data took   0.57ms
[2021.12.15-17.58.37:383][179]LogSlate: Took 0.000129 seconds to synchronously load lazily loaded font '../../../Engine/Content/Slate/Fonts/Roboto-Light.ttf' (167K)
[2021.12.15-17.58.37:486][179]LogAssetEditorSubsystem: Opening Asset editor for World /Game/ThirdPersonBP/Maps/MainLand.MainLand
[2021.12.15-17.58.37:486][179]Cmd: MAP LOAD FILE="../../../../../Documents/source/git/GameDev-FinalProject/Dungeons/Content/ThirdPersonBP/Maps/MainLand.umap" TEMPLATE=0 SHOWPROGRESS=1 FEATURELEVEL=3
[2021.12.15-17.58.37:486][179]LightingResults: New page: Lighting Build
[2021.12.15-17.58.37:486][179]LoadErrors: New page: Loading map: MainLand.umap
[2021.12.15-17.58.37:488][179]LogWorld: UWorld::CleanupWorld for ThirdPersonExampleMap, bSessionEnded=true, bCleanupResources=true
[2021.12.15-17.58.37:488][179]LogSlate: InvalidateAllWidgets triggered.  All widgets were invalidated
[2021.12.15-17.58.37:488][179]MapCheck: New page: Map Check
[2021.12.15-17.58.37:488][179]LightingResults: New page: Lighting Build
[2021.12.15-17.58.37:492][179]LogAudio: Display: Audio Device unregistered from world 'None'.
[2021.12.15-17.58.37:496][179]LogUObjectHash: Compacting FUObjectHashTables data took   0.81ms
[2021.12.15-17.58.37:496][179]LogAudio: Display: Audio Device (ID: 1) registered with world 'MainLand'.
[2021.12.15-17.58.37:592][179]LogEditorServer: Finished looking for orphan Actors (0.000 secs)
[2021.12.15-17.58.37:592][179]LogAIModule: Creating AISystem for world MainLand
[2021.12.15-17.58.37:599][179]LogUObjectHash: Compacting FUObjectHashTables data took   0.59ms
[2021.12.15-17.58.37:605][179]Cmd: MAP CHECKDEP NOCLEARLOG
[2021.12.15-17.58.37:605][179]MapCheck: Map check complete: 0 Error(s), 0 Warning(s), took 0.053ms to complete.
[2021.12.15-17.58.37:605][179]LogFileHelpers: Loading map 'MainLand' took 0.119
[2021.12.15-17.58.37:644][182]LogStaticMesh: Allocated 510x189x64 distance field atlas = 11.8Mb, with 54 objects containing 4.1Mb backing data
[2021.12.15-17.58.57:564][891]LogRenderer: Reallocating scene render targets to support 1316x716 Format 10 NumSamples 1 (Frame:718).
[2021.12.15-17.58.57:707][892]LogRenderer: Reallocating scene render targets to support 1368x768 Format 10 NumSamples 1 (Frame:720).
